2022-05-17_21-19-29 [main] INFO  o.s.b.t.c.SpringBootTestContextBootstrapper - Neither @ContextConfiguration nor @ContextHierarchy found for test class [com.pms.pensioner.detail.controller.PensionerDetailControllerMethodTest], using SpringBootContextLoader
2022-05-17_21-19-29 [main] INFO  o.s.t.c.s.AbstractContextLoader - Could not detect default resource locations for test class [com.pms.pensioner.detail.controller.PensionerDetailControllerMethodTest]: no resource found for suffixes {-context.xml, Context.groovy}.
2022-05-17_21-19-29 [main] INFO  o.s.t.c.s.AnnotationConfigContextLoaderUtils - Could not detect default configuration classes for test class [com.pms.pensioner.detail.controller.PensionerDetailControllerMethodTest]: PensionerDetailControllerMethodTest does not declare any static, non-private, non-final, nested classes annotated with @Configuration.
2022-05-17_21-19-29 [main] INFO  o.s.b.t.c.SpringBootTestContextBootstrapper - Found @SpringBootConfiguration com.pms.pensioner.detail.PensionerDetailMicroserviceApplication for test class com.pms.pensioner.detail.controller.PensionerDetailControllerMethodTest
2022-05-17_21-19-29 [main] INFO  o.s.b.t.c.SpringBootTestContextBootstrapper - Loaded default TestExecutionListener class names from location [META-INF/spring.factories]: [org.springframework.boot.test.mock.mockito.MockitoTestExecutionListener, org.springframework.boot.test.mock.mockito.ResetMocksTestExecutionListener, org.springframework.boot.test.autoconfigure.restdocs.RestDocsTestExecutionListener, org.springframework.boot.test.autoconfigure.web.client.MockRestServiceServerResetTestExecutionListener, org.springframework.boot.test.autoconfigure.web.servlet.MockMvcPrintOnlyOnFailureTestExecutionListener, org.springframework.boot.test.autoconfigure.web.servlet.WebDriverTestExecutionListener, org.springframework.boot.test.autoconfigure.webservices.client.MockWebServiceServerTestExecutionListener, org.springframework.test.context.web.ServletTestExecutionListener, org.springframework.test.context.support.DirtiesContextBeforeModesTestExecutionListener, org.springframework.test.context.event.ApplicationEventsTestExecutionListener, org.springframework.test.context.support.DependencyInjectionTestExecutionListener, org.springframework.test.context.support.DirtiesContextTestExecutionListener, org.springframework.test.context.transaction.TransactionalTestExecutionListener, org.springframework.test.context.jdbc.SqlScriptsTestExecutionListener, org.springframework.test.context.event.EventPublishingTestExecutionListener]
2022-05-17_21-19-29 [main] INFO  o.s.b.t.c.SpringBootTestContextBootstrapper - Using TestExecutionListeners: [org.springframework.test.context.web.ServletTestExecutionListener@790174f2, org.springframework.test.context.support.DirtiesContextBeforeModesTestExecutionListener@42257bdd, org.springframework.test.context.event.ApplicationEventsTestExecutionListener@7689ddef, org.springframework.boot.test.mock.mockito.MockitoTestExecutionListener@687a762c, org.springframework.boot.test.autoconfigure.SpringBootDependencyInjectionTestExecutionListener@1a2e2935, org.springframework.test.context.support.DirtiesContextTestExecutionListener@733c423e, org.springframework.test.context.transaction.TransactionalTestExecutionListener@4b629f13, org.springframework.test.context.jdbc.SqlScriptsTestExecutionListener@70925b45, org.springframework.test.context.event.EventPublishingTestExecutionListener@1b9ea3e3, org.springframework.boot.test.mock.mockito.ResetMocksTestExecutionListener@aa22f1c, org.springframework.boot.test.autoconfigure.restdocs.RestDocsTestExecutionListener@55e7a35c, org.springframework.boot.test.autoconfigure.web.client.MockRestServiceServerResetTestExecutionListener@37cd92d6, org.springframework.boot.test.autoconfigure.web.servlet.MockMvcPrintOnlyOnFailureTestExecutionListener@5922ae77, org.springframework.boot.test.autoconfigure.web.servlet.WebDriverTestExecutionListener@4263b080, org.springframework.boot.test.autoconfigure.webservices.client.MockWebServiceServerTestExecutionListener@2af616d3]
2022-05-17_21-19-30 [main] INFO  c.p.p.d.c.PensionerDetailControllerMethodTest - Starting PensionerDetailControllerMethodTest using Java 15.0.2 on LAPTOP-99L8IUMB with PID 17484 (started by KRITHIGA in G:\Spring and Angular\pms-springboot-microservices\pms-PensionerDetail-Microservice)
2022-05-17_21-19-30 [main] INFO  c.p.p.d.c.PensionerDetailControllerMethodTest - No active profile set, falling back to default profiles: default
2022-05-17_21-19-30 [main] INFO  o.s.d.r.c.RepositoryConfigurationDelegate - Bootstrapping Spring Data JPA repositories in DEFAULT mode.
2022-05-17_21-19-30 [main] INFO  o.s.d.r.c.RepositoryConfigurationDelegate - Finished Spring Data repository scanning in 146 ms. Found 1 JPA repository interfaces.
2022-05-17_21-19-30 [main] INFO  o.s.cloud.context.scope.GenericScope - BeanFactory id=7aea8a2c-adfc-36af-8fb2-282be48b910e
2022-05-17_21-19-30 [main] INFO  com.zaxxer.hikari.HikariDataSource - HikariPool-1 - Starting...
2022-05-17_21-19-30 [main] INFO  com.zaxxer.hikari.HikariDataSource - HikariPool-1 - Start completed.
2022-05-17_21-19-30 [main] INFO  o.s.o.j.LocalContainerEntityManagerFactoryBean - Initialized JPA EntityManagerFactory for persistence unit 'default'
2022-05-17_21-19-30 [main] INFO  o.s.s.c.ThreadPoolTaskExecutor - Initializing ExecutorService 'applicationTaskExecutor'
2022-05-17_21-19-30 [main] INFO  o.s.b.a.h.H2ConsoleAutoConfiguration - H2 console available at '/db'. Database available at 'jdbc:h2:mem:ipms_db'
2022-05-17_21-19-30 [main] INFO  o.s.b.a.e.web.EndpointLinksResolver - Exposing 2 endpoint(s) beneath base path '/actuator'
2022-05-17_21-19-30 [main] INFO  c.p.p.d.c.PensionerDetailControllerMethodTest - Started PensionerDetailControllerMethodTest in 19.279 seconds (JVM running for 21.366)
2022-05-17_21-19-30 [main] INFO  o.s.b.t.c.SpringBootTestContextBootstrapper - Neither @ContextConfiguration nor @ContextHierarchy found for test class [com.pms.pensioner.detail.controller.PensionerDetailControllerTest], using SpringBootContextLoader
2022-05-17_21-19-30 [main] INFO  o.s.t.c.s.AbstractContextLoader - Could not detect default resource locations for test class [com.pms.pensioner.detail.controller.PensionerDetailControllerTest]: no resource found for suffixes {-context.xml, Context.groovy}.
2022-05-17_21-19-30 [main] INFO  o.s.t.c.s.AnnotationConfigContextLoaderUtils - Could not detect default configuration classes for test class [com.pms.pensioner.detail.controller.PensionerDetailControllerTest]: PensionerDetailControllerTest does not declare any static, non-private, non-final, nested classes annotated with @Configuration.
2022-05-17_21-19-30 [main] INFO  o.s.b.t.c.SpringBootTestContextBootstrapper - Found @SpringBootConfiguration com.pms.pensioner.detail.PensionerDetailMicroserviceApplication for test class com.pms.pensioner.detail.controller.PensionerDetailControllerTest
2022-05-17_21-19-30 [main] INFO  o.s.b.t.c.SpringBootTestContextBootstrapper - Loaded default TestExecutionListener class names from location [META-INF/spring.factories]: [org.springframework.boot.test.mock.mockito.MockitoTestExecutionListener, org.springframework.boot.test.mock.mockito.ResetMocksTestExecutionListener, org.springframework.boot.test.autoconfigure.restdocs.RestDocsTestExecutionListener, org.springframework.boot.test.autoconfigure.web.client.MockRestServiceServerResetTestExecutionListener, org.springframework.boot.test.autoconfigure.web.servlet.MockMvcPrintOnlyOnFailureTestExecutionListener, org.springframework.boot.test.autoconfigure.web.servlet.WebDriverTestExecutionListener, org.springframework.boot.test.autoconfigure.webservices.client.MockWebServiceServerTestExecutionListener, org.springframework.test.context.web.ServletTestExecutionListener, org.springframework.test.context.support.DirtiesContextBeforeModesTestExecutionListener, org.springframework.test.context.event.ApplicationEventsTestExecutionListener, org.springframework.test.context.support.DependencyInjectionTestExecutionListener, org.springframework.test.context.support.DirtiesContextTestExecutionListener, org.springframework.test.context.transaction.TransactionalTestExecutionListener, org.springframework.test.context.jdbc.SqlScriptsTestExecutionListener, org.springframework.test.context.event.EventPublishingTestExecutionListener]
2022-05-17_21-19-30 [main] INFO  o.s.b.t.c.SpringBootTestContextBootstrapper - Using TestExecutionListeners: [org.springframework.test.context.web.ServletTestExecutionListener@696a6506, org.springframework.test.context.support.DirtiesContextBeforeModesTestExecutionListener@1134a934, org.springframework.test.context.event.ApplicationEventsTestExecutionListener@2cbd855e, org.springframework.boot.test.mock.mockito.MockitoTestExecutionListener@534c3b9d, org.springframework.boot.test.autoconfigure.SpringBootDependencyInjectionTestExecutionListener@69b436a7, org.springframework.test.context.support.DirtiesContextTestExecutionListener@5dfd4fac, org.springframework.test.context.transaction.TransactionalTestExecutionListener@1d2aa638, org.springframework.test.context.jdbc.SqlScriptsTestExecutionListener@2f08e6d3, org.springframework.test.context.event.EventPublishingTestExecutionListener@67c1fc9b, org.springframework.boot.test.mock.mockito.ResetMocksTestExecutionListener@50f65fe0, org.springframework.boot.test.autoconfigure.restdocs.RestDocsTestExecutionListener@18a538a0, org.springframework.boot.test.autoconfigure.web.client.MockRestServiceServerResetTestExecutionListener@70736b19, org.springframework.boot.test.autoconfigure.web.servlet.MockMvcPrintOnlyOnFailureTestExecutionListener@183e64a8, org.springframework.boot.test.autoconfigure.web.servlet.WebDriverTestExecutionListener@7a553110, org.springframework.boot.test.autoconfigure.webservices.client.MockWebServiceServerTestExecutionListener@4b8466c2]
2022-05-17_21-19-51 [main] INFO  c.p.p.d.c.PensionerDetailControllerTest - Starting PensionerDetailControllerTest using Java 15.0.2 on LAPTOP-99L8IUMB with PID 17484 (started by KRITHIGA in G:\Spring and Angular\pms-springboot-microservices\pms-PensionerDetail-Microservice)
2022-05-17_21-19-51 [main] INFO  c.p.p.d.c.PensionerDetailControllerTest - No active profile set, falling back to default profiles: default
2022-05-17_21-19-51 [main] INFO  o.s.d.r.c.RepositoryConfigurationDelegate - Bootstrapping Spring Data JPA repositories in DEFAULT mode.
2022-05-17_21-19-51 [main] INFO  o.s.d.r.c.RepositoryConfigurationDelegate - Finished Spring Data repository scanning in 24 ms. Found 1 JPA repository interfaces.
2022-05-17_21-19-51 [main] INFO  o.s.cloud.context.scope.GenericScope - BeanFactory id=004c6fbd-0783-3b32-8679-7c66cb772c92
2022-05-17_21-19-51 [main] INFO  com.zaxxer.hikari.HikariDataSource - HikariPool-2 - Starting...
2022-05-17_21-19-51 [main] INFO  com.zaxxer.hikari.HikariDataSource - HikariPool-2 - Start completed.
2022-05-17_21-19-51 [main] INFO  o.s.o.j.LocalContainerEntityManagerFactoryBean - Initialized JPA EntityManagerFactory for persistence unit 'default'
2022-05-17_21-19-51 [main] INFO  o.s.s.c.ThreadPoolTaskExecutor - Initializing ExecutorService 'applicationTaskExecutor'
2022-05-17_21-19-51 [main] INFO  o.s.b.a.h.H2ConsoleAutoConfiguration - H2 console available at '/db'. Database available at 'jdbc:h2:mem:ipms_db'
2022-05-17_21-19-51 [main] INFO  o.s.b.t.m.w.SpringBootMockServletContext - Initializing Spring TestDispatcherServlet ''
2022-05-17_21-19-51 [main] INFO  o.s.t.w.s.TestDispatcherServlet - Initializing Servlet ''
2022-05-17_21-19-51 [main] INFO  o.s.b.a.e.web.EndpointLinksResolver - Exposing 2 endpoint(s) beneath base path '/actuator'
2022-05-17_21-19-51 [main] INFO  o.s.t.w.s.TestDispatcherServlet - Completed initialization in 66 ms
2022-05-17_21-19-51 [main] INFO  c.p.p.d.c.PensionerDetailControllerTest - Started PensionerDetailControllerTest in 7.575 seconds (JVM running for 29.924)
2022-05-17_21-19-51 [main] INFO  o.s.b.t.c.SpringBootTestContextBootstrapper - Neither @ContextConfiguration nor @ContextHierarchy found for test class [com.pms.pensioner.detail.exception.PensionerDetailExceptionTest], using SpringBootContextLoader
2022-05-17_21-19-51 [main] INFO  o.s.t.c.s.AbstractContextLoader - Could not detect default resource locations for test class [com.pms.pensioner.detail.exception.PensionerDetailExceptionTest]: no resource found for suffixes {-context.xml, Context.groovy}.
2022-05-17_21-19-51 [main] INFO  o.s.t.c.s.AnnotationConfigContextLoaderUtils - Could not detect default configuration classes for test class [com.pms.pensioner.detail.exception.PensionerDetailExceptionTest]: PensionerDetailExceptionTest does not declare any static, non-private, non-final, nested classes annotated with @Configuration.
2022-05-17_21-19-51 [main] INFO  o.s.b.t.c.SpringBootTestContextBootstrapper - Found @SpringBootConfiguration com.pms.pensioner.detail.PensionerDetailMicroserviceApplication for test class com.pms.pensioner.detail.exception.PensionerDetailExceptionTest
2022-05-17_21-19-51 [main] INFO  o.s.b.t.c.SpringBootTestContextBootstrapper - Loaded default TestExecutionListener class names from location [META-INF/spring.factories]: [org.springframework.boot.test.mock.mockito.MockitoTestExecutionListener, org.springframework.boot.test.mock.mockito.ResetMocksTestExecutionListener, org.springframework.boot.test.autoconfigure.restdocs.RestDocsTestExecutionListener, org.springframework.boot.test.autoconfigure.web.client.MockRestServiceServerResetTestExecutionListener, org.springframework.boot.test.autoconfigure.web.servlet.MockMvcPrintOnlyOnFailureTestExecutionListener, org.springframework.boot.test.autoconfigure.web.servlet.WebDriverTestExecutionListener, org.springframework.boot.test.autoconfigure.webservices.client.MockWebServiceServerTestExecutionListener, org.springframework.test.context.web.ServletTestExecutionListener, org.springframework.test.context.support.DirtiesContextBeforeModesTestExecutionListener, org.springframework.test.context.event.ApplicationEventsTestExecutionListener, org.springframework.test.context.support.DependencyInjectionTestExecutionListener, org.springframework.test.context.support.DirtiesContextTestExecutionListener, org.springframework.test.context.transaction.TransactionalTestExecutionListener, org.springframework.test.context.jdbc.SqlScriptsTestExecutionListener, org.springframework.test.context.event.EventPublishingTestExecutionListener]
2022-05-17_21-19-51 [main] INFO  o.s.b.t.c.SpringBootTestContextBootstrapper - Using TestExecutionListeners: [org.springframework.test.context.web.ServletTestExecutionListener@246701d5, org.springframework.test.context.support.DirtiesContextBeforeModesTestExecutionListener@1ac8f29c, org.springframework.test.context.event.ApplicationEventsTestExecutionListener@1d07d728, org.springframework.boot.test.mock.mockito.MockitoTestExecutionListener@6d98e607, org.springframework.boot.test.autoconfigure.SpringBootDependencyInjectionTestExecutionListener@71ed3bc8, org.springframework.test.context.support.DirtiesContextTestExecutionListener@2c6c6b7b, org.springframework.test.context.transaction.TransactionalTestExecutionListener@f714749, org.springframework.test.context.jdbc.SqlScriptsTestExecutionListener@25f3207e, org.springframework.test.context.event.EventPublishingTestExecutionListener@3d587c73, org.springframework.boot.test.mock.mockito.ResetMocksTestExecutionListener@7220ff10, org.springframework.boot.test.autoconfigure.restdocs.RestDocsTestExecutionListener@776eb512, org.springframework.boot.test.autoconfigure.web.client.MockRestServiceServerResetTestExecutionListener@4ba29b51, org.springframework.boot.test.autoconfigure.web.servlet.MockMvcPrintOnlyOnFailureTestExecutionListener@35e7cdb2, org.springframework.boot.test.autoconfigure.web.servlet.WebDriverTestExecutionListener@404a7c61, org.springframework.boot.test.autoconfigure.webservices.client.MockWebServiceServerTestExecutionListener@428e875f]
2022-05-17_21-20-00 [main] INFO  c.p.p.d.e.PensionerDetailExceptionTest - Starting PensionerDetailExceptionTest using Java 15.0.2 on LAPTOP-99L8IUMB with PID 17484 (started by KRITHIGA in G:\Spring and Angular\pms-springboot-microservices\pms-PensionerDetail-Microservice)
2022-05-17_21-20-00 [main] INFO  c.p.p.d.e.PensionerDetailExceptionTest - No active profile set, falling back to default profiles: default
2022-05-17_21-20-00 [main] INFO  o.s.d.r.c.RepositoryConfigurationDelegate - Bootstrapping Spring Data JPA repositories in DEFAULT mode.
2022-05-17_21-20-00 [main] INFO  o.s.d.r.c.RepositoryConfigurationDelegate - Finished Spring Data repository scanning in 52 ms. Found 1 JPA repository interfaces.
2022-05-17_21-20-00 [main] INFO  o.s.cloud.context.scope.GenericScope - BeanFactory id=7aea8a2c-adfc-36af-8fb2-282be48b910e
2022-05-17_21-20-00 [main] INFO  o.s.c.s.PostProcessorRegistrationDelegate$BeanPostProcessorChecker - Bean 'com.pms.pensioner.detail.feignclient.AuthorisingClient' of type [org.springframework.cloud.openfeign.FeignClientFactoryBean] is not eligible for getting processed by all BeanPostProcessors (for example: not eligible for auto-proxying)
2022-05-17_21-20-00 [main] INFO  com.zaxxer.hikari.HikariDataSource - HikariPool-3 - Starting...
2022-05-17_21-20-00 [main] INFO  com.zaxxer.hikari.HikariDataSource - HikariPool-3 - Start completed.
2022-05-17_21-20-00 [main] INFO  o.s.o.j.LocalContainerEntityManagerFactoryBean - Initialized JPA EntityManagerFactory for persistence unit 'default'
2022-05-17_21-20-00 [main] INFO  o.s.b.a.h.H2ConsoleAutoConfiguration - H2 console available at '/db'. Database available at 'jdbc:h2:mem:ipms_db'
2022-05-17_21-20-00 [main] INFO  o.s.s.c.ThreadPoolTaskExecutor - Initializing ExecutorService 'applicationTaskExecutor'
2022-05-17_21-20-00 [main] INFO  o.s.b.a.e.web.EndpointLinksResolver - Exposing 2 endpoint(s) beneath base path '/actuator'
2022-05-17_21-20-00 [main] INFO  c.p.p.d.e.PensionerDetailExceptionTest - Started PensionerDetailExceptionTest in 6.641 seconds (JVM running for 38.35)
2022-05-17_21-20-00 [main] INFO  o.s.b.t.c.SpringBootTestContextBootstrapper - Neither @ContextConfiguration nor @ContextHierarchy found for test class [com.pms.pensioner.detail.PensionerDetailMicroserviceApplicationTests], using SpringBootContextLoader
2022-05-17_21-20-00 [main] INFO  o.s.t.c.s.AbstractContextLoader - Could not detect default resource locations for test class [com.pms.pensioner.detail.PensionerDetailMicroserviceApplicationTests]: no resource found for suffixes {-context.xml, Context.groovy}.
2022-05-17_21-20-00 [main] INFO  o.s.t.c.s.AnnotationConfigContextLoaderUtils - Could not detect default configuration classes for test class [com.pms.pensioner.detail.PensionerDetailMicroserviceApplicationTests]: PensionerDetailMicroserviceApplicationTests does not declare any static, non-private, non-final, nested classes annotated with @Configuration.
2022-05-17_21-20-00 [main] INFO  o.s.b.t.c.SpringBootTestContextBootstrapper - Found @SpringBootConfiguration com.pms.pensioner.detail.PensionerDetailMicroserviceApplication for test class com.pms.pensioner.detail.PensionerDetailMicroserviceApplicationTests
2022-05-17_21-20-00 [main] INFO  o.s.b.t.c.SpringBootTestContextBootstrapper - Loaded default TestExecutionListener class names from location [META-INF/spring.factories]: [org.springframework.boot.test.mock.mockito.MockitoTestExecutionListener, org.springframework.boot.test.mock.mockito.ResetMocksTestExecutionListener, org.springframework.boot.test.autoconfigure.restdocs.RestDocsTestExecutionListener, org.springframework.boot.test.autoconfigure.web.client.MockRestServiceServerResetTestExecutionListener, org.springframework.boot.test.autoconfigure.web.servlet.MockMvcPrintOnlyOnFailureTestExecutionListener, org.springframework.boot.test.autoconfigure.web.servlet.WebDriverTestExecutionListener, org.springframework.boot.test.autoconfigure.webservices.client.MockWebServiceServerTestExecutionListener, org.springframework.test.context.web.ServletTestExecutionListener, org.springframework.test.context.support.DirtiesContextBeforeModesTestExecutionListener, org.springframework.test.context.event.ApplicationEventsTestExecutionListener, org.springframework.test.context.support.DependencyInjectionTestExecutionListener, org.springframework.test.context.support.DirtiesContextTestExecutionListener, org.springframework.test.context.transaction.TransactionalTestExecutionListener, org.springframework.test.context.jdbc.SqlScriptsTestExecutionListener, org.springframework.test.context.event.EventPublishingTestExecutionListener]
2022-05-17_21-20-00 [main] INFO  o.s.b.t.c.SpringBootTestContextBootstrapper - Using TestExecutionListeners: [org.springframework.test.context.web.ServletTestExecutionListener@4ae45ff, org.springframework.test.context.support.DirtiesContextBeforeModesTestExecutionListener@3cced001, org.springframework.test.context.event.ApplicationEventsTestExecutionListener@6c927487, org.springframework.boot.test.mock.mockito.MockitoTestExecutionListener@79d31e24, org.springframework.boot.test.autoconfigure.SpringBootDependencyInjectionTestExecutionListener@f243d5c, org.springframework.test.context.support.DirtiesContextTestExecutionListener@45a0ba61, org.springframework.test.context.transaction.TransactionalTestExecutionListener@3a69c81e, org.springframework.test.context.jdbc.SqlScriptsTestExecutionListener@5b2ac349, org.springframework.test.context.event.EventPublishingTestExecutionListener@754acbad, org.springframework.boot.test.mock.mockito.ResetMocksTestExecutionListener@357904d7, org.springframework.boot.test.autoconfigure.restdocs.RestDocsTestExecutionListener@41a4135e, org.springframework.boot.test.autoconfigure.web.client.MockRestServiceServerResetTestExecutionListener@4c19b0a8, org.springframework.boot.test.autoconfigure.web.servlet.MockMvcPrintOnlyOnFailureTestExecutionListener@6f2d0d25, org.springframework.boot.test.autoconfigure.web.servlet.WebDriverTestExecutionListener@128fe3ab, org.springframework.boot.test.autoconfigure.webservices.client.MockWebServiceServerTestExecutionListener@73502c47]
2022-05-17_21-20-07 [main] INFO  c.p.p.d.PensionerDetailMicroserviceApplication - Starting PensionerDetailMicroserviceApplication using Java 15.0.2 on LAPTOP-99L8IUMB with PID 17484 (started by KRITHIGA in G:\Spring and Angular\pms-springboot-microservices\pms-PensionerDetail-Microservice)
2022-05-17_21-20-07 [main] INFO  c.p.p.d.PensionerDetailMicroserviceApplication - No active profile set, falling back to default profiles: default
2022-05-17_21-20-07 [main] INFO  o.s.d.r.c.RepositoryConfigurationDelegate - Bootstrapping Spring Data JPA repositories in DEFAULT mode.
2022-05-17_21-20-07 [main] INFO  o.s.d.r.c.RepositoryConfigurationDelegate - Finished Spring Data repository scanning in 33 ms. Found 1 JPA repository interfaces.
2022-05-17_21-20-07 [main] INFO  o.s.cloud.context.scope.GenericScope - BeanFactory id=b8ae7ea1-6086-3ab2-a77c-4f55e72c93b1
2022-05-17_21-20-07 [main] INFO  o.s.c.s.PostProcessorRegistrationDelegate$BeanPostProcessorChecker - Bean 'com.pms.pensioner.detail.feignclient.AuthorisingClient' of type [org.springframework.cloud.openfeign.FeignClientFactoryBean] is not eligible for getting processed by all BeanPostProcessors (for example: not eligible for auto-proxying)
2022-05-17_21-20-07 [main] INFO  o.s.b.w.e.tomcat.TomcatWebServer - Tomcat initialized with port(s): 8200 (http)
2022-05-17_21-20-07 [main] INFO  o.a.coyote.http11.Http11NioProtocol - Initializing ProtocolHandler ["http-nio-8200"]
2022-05-17_21-20-07 [main] INFO  o.a.catalina.core.StandardService - Starting service [Tomcat]
2022-05-17_21-20-07 [main] INFO  o.a.catalina.core.StandardEngine - Starting Servlet engine: [Apache Tomcat/9.0.41]
2022-05-17_21-20-07 [main] INFO  o.a.c.c.C.[.[localhost].[/pensioner] - Initializing Spring embedded WebApplicationContext
2022-05-17_21-20-07 [main] INFO  o.s.b.w.s.c.ServletWebServerApplicationContext - Root WebApplicationContext: initialization completed in 2191 ms
2022-05-17_21-20-07 [main] INFO  com.zaxxer.hikari.HikariDataSource - HikariPool-4 - Starting...
2022-05-17_21-20-07 [main] INFO  com.zaxxer.hikari.HikariDataSource - HikariPool-4 - Start completed.
2022-05-17_21-20-07 [main] INFO  o.s.b.a.h.H2ConsoleAutoConfiguration - H2 console available at '/db'. Database available at 'jdbc:h2:mem:ipms_db'
2022-05-17_21-20-07 [main] INFO  o.s.o.j.LocalContainerEntityManagerFactoryBean - Initialized JPA EntityManagerFactory for persistence unit 'default'
2022-05-17_21-20-07 [main] INFO  o.s.s.c.ThreadPoolTaskExecutor - Initializing ExecutorService 'applicationTaskExecutor'
2022-05-17_21-20-07 [main] INFO  o.s.b.a.e.web.EndpointLinksResolver - Exposing 2 endpoint(s) beneath base path '/actuator'
2022-05-17_21-20-07 [main] INFO  o.a.coyote.http11.Http11NioProtocol - Starting ProtocolHandler ["http-nio-8200"]
2022-05-17_21-20-07 [main] INFO  o.s.b.w.e.tomcat.TomcatWebServer - Tomcat started on port(s): 8200 (http) with context path '/pensioner'
2022-05-17_21-20-07 [main] INFO  c.p.p.d.PensionerDetailMicroserviceApplication - Started PensionerDetailMicroserviceApplication in 4.92 seconds (JVM running for 43.53)
2022-05-17_21-20-07 [main] INFO  o.s.b.t.c.SpringBootTestContextBootstrapper - Neither @ContextConfiguration nor @ContextHierarchy found for test class [com.pms.pensioner.detail.service.PensionerDetailServiceTest], using SpringBootContextLoader
2022-05-17_21-20-07 [main] INFO  o.s.t.c.s.AbstractContextLoader - Could not detect default resource locations for test class [com.pms.pensioner.detail.service.PensionerDetailServiceTest]: no resource found for suffixes {-context.xml, Context.groovy}.
2022-05-17_21-20-07 [main] INFO  o.s.t.c.s.AnnotationConfigContextLoaderUtils - Could not detect default configuration classes for test class [com.pms.pensioner.detail.service.PensionerDetailServiceTest]: PensionerDetailServiceTest does not declare any static, non-private, non-final, nested classes annotated with @Configuration.
2022-05-17_21-20-07 [main] INFO  o.s.b.t.c.SpringBootTestContextBootstrapper - Found @SpringBootConfiguration com.pms.pensioner.detail.PensionerDetailMicroserviceApplication for test class com.pms.pensioner.detail.service.PensionerDetailServiceTest
2022-05-17_21-20-07 [main] INFO  o.s.b.t.c.SpringBootTestContextBootstrapper - Loaded default TestExecutionListener class names from location [META-INF/spring.factories]: [org.springframework.boot.test.mock.mockito.MockitoTestExecutionListener, org.springframework.boot.test.mock.mockito.ResetMocksTestExecutionListener, org.springframework.boot.test.autoconfigure.restdocs.RestDocsTestExecutionListener, org.springframework.boot.test.autoconfigure.web.client.MockRestServiceServerResetTestExecutionListener, org.springframework.boot.test.autoconfigure.web.servlet.MockMvcPrintOnlyOnFailureTestExecutionListener, org.springframework.boot.test.autoconfigure.web.servlet.WebDriverTestExecutionListener, org.springframework.boot.test.autoconfigure.webservices.client.MockWebServiceServerTestExecutionListener, org.springframework.test.context.web.ServletTestExecutionListener, org.springframework.test.context.support.DirtiesContextBeforeModesTestExecutionListener, org.springframework.test.context.event.ApplicationEventsTestExecutionListener, org.springframework.test.context.support.DependencyInjectionTestExecutionListener, org.springframework.test.context.support.DirtiesContextTestExecutionListener, org.springframework.test.context.transaction.TransactionalTestExecutionListener, org.springframework.test.context.jdbc.SqlScriptsTestExecutionListener, org.springframework.test.context.event.EventPublishingTestExecutionListener]
2022-05-17_21-20-07 [main] INFO  o.s.b.t.c.SpringBootTestContextBootstrapper - Using TestExecutionListeners: [org.springframework.test.context.web.ServletTestExecutionListener@5e9650d3, org.springframework.test.context.support.DirtiesContextBeforeModesTestExecutionListener@3947bad4, org.springframework.test.context.event.ApplicationEventsTestExecutionListener@64d691b2, org.springframework.boot.test.mock.mockito.MockitoTestExecutionListener@6074f8f9, org.springframework.boot.test.autoconfigure.SpringBootDependencyInjectionTestExecutionListener@c083cec, org.springframework.test.context.support.DirtiesContextTestExecutionListener@81da6a3, org.springframework.test.context.transaction.TransactionalTestExecutionListener@5816fd13, org.springframework.test.context.jdbc.SqlScriptsTestExecutionListener@1fe275d8, org.springframework.test.context.event.EventPublishingTestExecutionListener@52c0c594, org.springframework.boot.test.mock.mockito.ResetMocksTestExecutionListener@370d49d1, org.springframework.boot.test.autoconfigure.restdocs.RestDocsTestExecutionListener@581cd446, org.springframework.boot.test.autoconfigure.web.client.MockRestServiceServerResetTestExecutionListener@545c3628, org.springframework.boot.test.autoconfigure.web.servlet.MockMvcPrintOnlyOnFailureTestExecutionListener@64a552, org.springframework.boot.test.autoconfigure.web.servlet.WebDriverTestExecutionListener@5d7a274e, org.springframework.boot.test.autoconfigure.webservices.client.MockWebServiceServerTestExecutionListener@63fa7643]
2022-05-17_21-20-07 [SpringContextShutdownHook] INFO  o.s.s.c.ThreadPoolTaskExecutor - Shutting down ExecutorService 'applicationTaskExecutor'
2022-05-17_21-20-07 [SpringContextShutdownHook] INFO  o.s.o.j.LocalContainerEntityManagerFactoryBean - Closing JPA EntityManagerFactory for persistence unit 'default'
2022-05-17_21-20-07 [SpringContextShutdownHook] INFO  com.zaxxer.hikari.HikariDataSource - HikariPool-3 - Shutdown initiated...
2022-05-17_21-20-07 [SpringContextShutdownHook] INFO  o.s.s.c.ThreadPoolTaskExecutor - Shutting down ExecutorService 'applicationTaskExecutor'
2022-05-17_21-20-07 [SpringContextShutdownHook] INFO  o.s.s.c.ThreadPoolTaskExecutor - Shutting down ExecutorService 'applicationTaskExecutor'
2022-05-17_21-20-07 [SpringContextShutdownHook] INFO  o.s.o.j.LocalContainerEntityManagerFactoryBean - Closing JPA EntityManagerFactory for persistence unit 'default'
2022-05-17_21-20-07 [SpringContextShutdownHook] INFO  o.s.o.j.LocalContainerEntityManagerFactoryBean - Closing JPA EntityManagerFactory for persistence unit 'default'
2022-05-17_21-20-07 [SpringContextShutdownHook] INFO  com.zaxxer.hikari.HikariDataSource - HikariPool-3 - Shutdown completed.
2022-05-17_21-20-07 [SpringContextShutdownHook] INFO  com.zaxxer.hikari.HikariDataSource - HikariPool-1 - Shutdown initiated...
2022-05-17_21-20-07 [SpringContextShutdownHook] INFO  com.zaxxer.hikari.HikariDataSource - HikariPool-2 - Shutdown initiated...
2022-05-17_21-20-07 [SpringContextShutdownHook] INFO  com.zaxxer.hikari.HikariDataSource - HikariPool-1 - Shutdown completed.
2022-05-17_21-20-07 [SpringContextShutdownHook] INFO  com.zaxxer.hikari.HikariDataSource - HikariPool-2 - Shutdown completed.
2022-05-17_21-20-07 [SpringContextShutdownHook] INFO  o.s.s.c.ThreadPoolTaskExecutor - Shutting down ExecutorService 'applicationTaskExecutor'
2022-05-17_21-20-07 [SpringContextShutdownHook] INFO  o.s.o.j.LocalContainerEntityManagerFactoryBean - Closing JPA EntityManagerFactory for persistence unit 'default'
2022-05-17_21-20-07 [SpringContextShutdownHook] INFO  com.zaxxer.hikari.HikariDataSource - HikariPool-4 - Shutdown initiated...
2022-05-17_21-20-07 [SpringContextShutdownHook] INFO  com.zaxxer.hikari.HikariDataSource - HikariPool-4 - Shutdown completed.
