2022-05-16_11-02-25 [restartedMain] INFO  c.p.p.d.PensionerDetailMicroserviceApplication - Starting PensionerDetailMicroserviceApplication using Java 15.0.2 on LAPTOP-99L8IUMB with PID 13996 (G:\eclipse-workspace\pms-PensionerDetail-Microservice\target\classes started by KRITHIGA in G:\eclipse-workspace\pms-PensionerDetail-Microservice)
2022-05-16_11-02-25 [restartedMain] INFO  c.p.p.d.PensionerDetailMicroserviceApplication - No active profile set, falling back to default profiles: default
2022-05-16_11-02-25 [restartedMain] INFO  o.s.b.d.e.DevToolsPropertyDefaultsPostProcessor - Devtools property defaults active! Set 'spring.devtools.add-properties' to 'false' to disable
2022-05-16_11-02-25 [restartedMain] INFO  o.s.b.d.e.DevToolsPropertyDefaultsPostProcessor - For additional web related logging consider setting the 'logging.level.web' property to 'DEBUG'
2022-05-16_11-02-25 [restartedMain] INFO  o.s.d.r.c.RepositoryConfigurationDelegate - Bootstrapping Spring Data JPA repositories in DEFAULT mode.
2022-05-16_11-02-25 [restartedMain] INFO  o.s.d.r.c.RepositoryConfigurationDelegate - Finished Spring Data repository scanning in 41 ms. Found 1 JPA repository interfaces.
2022-05-16_11-02-25 [restartedMain] INFO  o.s.cloud.context.scope.GenericScope - BeanFactory id=f1d60193-fdd7-3d9b-95d0-df294fced4f6
2022-05-16_11-02-25 [restartedMain] INFO  o.s.c.s.PostProcessorRegistrationDelegate$BeanPostProcessorChecker - Bean 'com.pms.pensioner.detail.feignclient.AuthorisingClient' of type [org.springframework.cloud.openfeign.FeignClientFactoryBean] is not eligible for getting processed by all BeanPostProcessors (for example: not eligible for auto-proxying)
2022-05-16_11-02-25 [restartedMain] INFO  o.s.b.w.e.tomcat.TomcatWebServer - Tomcat initialized with port(s): 8200 (http)
2022-05-16_11-02-25 [restartedMain] INFO  o.a.coyote.http11.Http11NioProtocol - Initializing ProtocolHandler ["http-nio-8200"]
2022-05-16_11-02-25 [restartedMain] INFO  o.a.catalina.core.StandardService - Starting service [Tomcat]
2022-05-16_11-02-25 [restartedMain] INFO  o.a.catalina.core.StandardEngine - Starting Servlet engine: [Apache Tomcat/9.0.41]
2022-05-16_11-02-25 [restartedMain] INFO  o.a.c.c.C.[.[localhost].[/pensioner] - Initializing Spring embedded WebApplicationContext
2022-05-16_11-02-25 [restartedMain] INFO  o.s.b.w.s.c.ServletWebServerApplicationContext - Root WebApplicationContext: initialization completed in 2618 ms
2022-05-16_11-02-25 [restartedMain] INFO  com.zaxxer.hikari.HikariDataSource - HikariPool-1 - Starting...
2022-05-16_11-02-25 [restartedMain] INFO  com.zaxxer.hikari.HikariDataSource - HikariPool-1 - Start completed.
2022-05-16_11-02-25 [restartedMain] INFO  o.s.b.a.h.H2ConsoleAutoConfiguration - H2 console available at '/db'. Database available at 'jdbc:h2:mem:ipms_db'
2022-05-16_11-02-25 [restartedMain] INFO  o.s.o.j.LocalContainerEntityManagerFactoryBean - Initialized JPA EntityManagerFactory for persistence unit 'default'
2022-05-16_11-02-25 [restartedMain] INFO  o.s.s.c.ThreadPoolTaskExecutor - Initializing ExecutorService 'applicationTaskExecutor'
2022-05-16_11-02-25 [restartedMain] INFO  o.s.b.a.e.web.EndpointLinksResolver - Exposing 2 endpoint(s) beneath base path '/actuator'
2022-05-16_11-02-25 [restartedMain] INFO  o.a.coyote.http11.Http11NioProtocol - Starting ProtocolHandler ["http-nio-8200"]
2022-05-16_11-02-25 [restartedMain] INFO  o.s.b.w.e.tomcat.TomcatWebServer - Tomcat started on port(s): 8200 (http) with context path '/pensioner'
2022-05-16_11-02-25 [restartedMain] INFO  c.p.p.d.PensionerDetailMicroserviceApplication - Started PensionerDetailMicroserviceApplication in 6.589 seconds (JVM running for 7.638)
2022-05-16_11-02-25 [http-nio-8200-exec-1] INFO  o.a.c.c.C.[.[localhost].[/pensioner] - Initializing Spring DispatcherServlet 'dispatcherServlet'
2022-05-16_11-02-25 [http-nio-8200-exec-1] INFO  o.s.web.servlet.DispatcherServlet - Initializing Servlet 'dispatcherServlet'
2022-05-16_11-02-25 [http-nio-8200-exec-1] INFO  o.s.web.servlet.DispatcherServlet - Completed initialization in 5 ms
2022-05-16_13-53-58 [restartedMain] INFO  c.p.p.d.PensionerDetailMicroserviceApplication - Starting PensionerDetailMicroserviceApplication using Java 15.0.2 on LAPTOP-99L8IUMB with PID 17920 (G:\eclipse-workspace\pms-PensionerDetail-Microservice\target\classes started by KRITHIGA in G:\eclipse-workspace\pms-PensionerDetail-Microservice)
2022-05-16_13-53-58 [restartedMain] INFO  c.p.p.d.PensionerDetailMicroserviceApplication - No active profile set, falling back to default profiles: default
2022-05-16_13-53-58 [restartedMain] INFO  o.s.b.d.e.DevToolsPropertyDefaultsPostProcessor - Devtools property defaults active! Set 'spring.devtools.add-properties' to 'false' to disable
2022-05-16_13-53-58 [restartedMain] INFO  o.s.b.d.e.DevToolsPropertyDefaultsPostProcessor - For additional web related logging consider setting the 'logging.level.web' property to 'DEBUG'
2022-05-16_13-53-58 [restartedMain] INFO  o.s.d.r.c.RepositoryConfigurationDelegate - Bootstrapping Spring Data JPA repositories in DEFAULT mode.
2022-05-16_13-53-58 [restartedMain] INFO  o.s.d.r.c.RepositoryConfigurationDelegate - Finished Spring Data repository scanning in 50 ms. Found 1 JPA repository interfaces.
2022-05-16_13-53-58 [restartedMain] INFO  o.s.cloud.context.scope.GenericScope - BeanFactory id=f1d60193-fdd7-3d9b-95d0-df294fced4f6
2022-05-16_13-53-58 [restartedMain] INFO  o.s.c.s.PostProcessorRegistrationDelegate$BeanPostProcessorChecker - Bean 'com.pms.pensioner.detail.feignclient.AuthorisingClient' of type [org.springframework.cloud.openfeign.FeignClientFactoryBean] is not eligible for getting processed by all BeanPostProcessors (for example: not eligible for auto-proxying)
2022-05-16_13-53-58 [restartedMain] INFO  o.s.b.w.e.tomcat.TomcatWebServer - Tomcat initialized with port(s): 8200 (http)
2022-05-16_13-53-58 [restartedMain] INFO  o.a.coyote.http11.Http11NioProtocol - Initializing ProtocolHandler ["http-nio-8200"]
2022-05-16_13-53-58 [restartedMain] INFO  o.a.catalina.core.StandardService - Starting service [Tomcat]
2022-05-16_13-53-58 [restartedMain] INFO  o.a.catalina.core.StandardEngine - Starting Servlet engine: [Apache Tomcat/9.0.41]
2022-05-16_13-53-58 [restartedMain] INFO  o.a.c.c.C.[.[localhost].[/pensioner] - Initializing Spring embedded WebApplicationContext
2022-05-16_13-53-58 [restartedMain] INFO  o.s.b.w.s.c.ServletWebServerApplicationContext - Root WebApplicationContext: initialization completed in 2680 ms
2022-05-16_13-53-58 [restartedMain] INFO  com.zaxxer.hikari.HikariDataSource - HikariPool-1 - Starting...
2022-05-16_13-53-58 [restartedMain] INFO  com.zaxxer.hikari.HikariDataSource - HikariPool-1 - Start completed.
2022-05-16_13-53-58 [restartedMain] INFO  o.s.b.a.h.H2ConsoleAutoConfiguration - H2 console available at '/db'. Database available at 'jdbc:h2:mem:ipms_db'
2022-05-16_13-53-58 [restartedMain] INFO  o.s.o.j.LocalContainerEntityManagerFactoryBean - Initialized JPA EntityManagerFactory for persistence unit 'default'
2022-05-16_13-53-58 [restartedMain] INFO  o.s.s.c.ThreadPoolTaskExecutor - Initializing ExecutorService 'applicationTaskExecutor'
2022-05-16_13-53-58 [restartedMain] INFO  o.s.b.a.e.web.EndpointLinksResolver - Exposing 2 endpoint(s) beneath base path '/actuator'
2022-05-16_13-53-58 [restartedMain] INFO  o.a.coyote.http11.Http11NioProtocol - Starting ProtocolHandler ["http-nio-8200"]
2022-05-16_13-53-58 [restartedMain] INFO  o.s.b.w.e.tomcat.TomcatWebServer - Tomcat started on port(s): 8200 (http) with context path '/pensioner'
2022-05-16_13-53-58 [restartedMain] INFO  c.p.p.d.PensionerDetailMicroserviceApplication - Started PensionerDetailMicroserviceApplication in 6.213 seconds (JVM running for 6.985)
2022-05-16_13-53-58 [http-nio-8200-exec-1] INFO  o.a.c.c.C.[.[localhost].[/pensioner] - Initializing Spring DispatcherServlet 'dispatcherServlet'
2022-05-16_13-53-58 [http-nio-8200-exec-1] INFO  o.s.web.servlet.DispatcherServlet - Initializing Servlet 'dispatcherServlet'
2022-05-16_13-53-58 [http-nio-8200-exec-1] INFO  o.s.web.servlet.DispatcherServlet - Completed initialization in 2 ms
2022-05-16_22-38-57 [main] INFO  o.s.b.t.c.SpringBootTestContextBootstrapper - Neither @ContextConfiguration nor @ContextHierarchy found for test class [com.pms.pensioner.detail.controller.PensionerDetailControllerMethodTest], using SpringBootContextLoader
2022-05-16_22-38-57 [main] INFO  o.s.t.c.s.AbstractContextLoader - Could not detect default resource locations for test class [com.pms.pensioner.detail.controller.PensionerDetailControllerMethodTest]: no resource found for suffixes {-context.xml, Context.groovy}.
2022-05-16_22-38-57 [main] INFO  o.s.t.c.s.AnnotationConfigContextLoaderUtils - Could not detect default configuration classes for test class [com.pms.pensioner.detail.controller.PensionerDetailControllerMethodTest]: PensionerDetailControllerMethodTest does not declare any static, non-private, non-final, nested classes annotated with @Configuration.
2022-05-16_22-38-57 [main] INFO  o.s.b.t.c.SpringBootTestContextBootstrapper - Found @SpringBootConfiguration com.pms.pensioner.detail.PensionerDetailMicroserviceApplication for test class com.pms.pensioner.detail.controller.PensionerDetailControllerMethodTest
2022-05-16_22-38-57 [main] INFO  o.s.b.t.c.SpringBootTestContextBootstrapper - Loaded default TestExecutionListener class names from location [META-INF/spring.factories]: [org.springframework.boot.test.mock.mockito.MockitoTestExecutionListener, org.springframework.boot.test.mock.mockito.ResetMocksTestExecutionListener, org.springframework.boot.test.autoconfigure.restdocs.RestDocsTestExecutionListener, org.springframework.boot.test.autoconfigure.web.client.MockRestServiceServerResetTestExecutionListener, org.springframework.boot.test.autoconfigure.web.servlet.MockMvcPrintOnlyOnFailureTestExecutionListener, org.springframework.boot.test.autoconfigure.web.servlet.WebDriverTestExecutionListener, org.springframework.boot.test.autoconfigure.webservices.client.MockWebServiceServerTestExecutionListener, org.springframework.test.context.web.ServletTestExecutionListener, org.springframework.test.context.support.DirtiesContextBeforeModesTestExecutionListener, org.springframework.test.context.event.ApplicationEventsTestExecutionListener, org.springframework.test.context.support.DependencyInjectionTestExecutionListener, org.springframework.test.context.support.DirtiesContextTestExecutionListener, org.springframework.test.context.transaction.TransactionalTestExecutionListener, org.springframework.test.context.jdbc.SqlScriptsTestExecutionListener, org.springframework.test.context.event.EventPublishingTestExecutionListener]
2022-05-16_22-38-57 [main] INFO  o.s.b.t.c.SpringBootTestContextBootstrapper - Using TestExecutionListeners: [org.springframework.test.context.web.ServletTestExecutionListener@3670f00, org.springframework.test.context.support.DirtiesContextBeforeModesTestExecutionListener@452e26d0, org.springframework.test.context.event.ApplicationEventsTestExecutionListener@46ab18da, org.springframework.boot.test.mock.mockito.MockitoTestExecutionListener@790174f2, org.springframework.boot.test.autoconfigure.SpringBootDependencyInjectionTestExecutionListener@42257bdd, org.springframework.test.context.support.DirtiesContextTestExecutionListener@7689ddef, org.springframework.test.context.transaction.TransactionalTestExecutionListener@687a762c, org.springframework.test.context.jdbc.SqlScriptsTestExecutionListener@1a2e2935, org.springframework.test.context.event.EventPublishingTestExecutionListener@733c423e, org.springframework.boot.test.mock.mockito.ResetMocksTestExecutionListener@4b629f13, org.springframework.boot.test.autoconfigure.restdocs.RestDocsTestExecutionListener@70925b45, org.springframework.boot.test.autoconfigure.web.client.MockRestServiceServerResetTestExecutionListener@1b9ea3e3, org.springframework.boot.test.autoconfigure.web.servlet.MockMvcPrintOnlyOnFailureTestExecutionListener@aa22f1c, org.springframework.boot.test.autoconfigure.web.servlet.WebDriverTestExecutionListener@55e7a35c, org.springframework.boot.test.autoconfigure.webservices.client.MockWebServiceServerTestExecutionListener@37cd92d6]
2022-05-16_22-38-57 [main] INFO  c.p.p.d.c.PensionerDetailControllerMethodTest - Starting PensionerDetailControllerMethodTest using Java 15.0.2 on LAPTOP-99L8IUMB with PID 16040 (started by KRITHIGA in G:\Spring and Angular\pms-springboot-microservices\pms-PensionerDetail-Microservice)
2022-05-16_22-38-57 [main] INFO  c.p.p.d.c.PensionerDetailControllerMethodTest - No active profile set, falling back to default profiles: default
2022-05-16_22-38-57 [main] INFO  o.s.d.r.c.RepositoryConfigurationDelegate - Bootstrapping Spring Data JPA repositories in DEFAULT mode.
2022-05-16_22-38-57 [main] INFO  o.s.d.r.c.RepositoryConfigurationDelegate - Finished Spring Data repository scanning in 109 ms. Found 1 JPA repository interfaces.
2022-05-16_22-38-57 [main] INFO  o.s.cloud.context.scope.GenericScope - BeanFactory id=7aea8a2c-adfc-36af-8fb2-282be48b910e
2022-05-16_22-38-57 [main] INFO  com.zaxxer.hikari.HikariDataSource - HikariPool-1 - Starting...
2022-05-16_22-38-57 [main] INFO  com.zaxxer.hikari.HikariDataSource - HikariPool-1 - Start completed.
2022-05-16_22-38-57 [main] INFO  o.s.o.j.LocalContainerEntityManagerFactoryBean - Initialized JPA EntityManagerFactory for persistence unit 'default'
2022-05-16_22-38-57 [main] INFO  o.s.s.c.ThreadPoolTaskExecutor - Initializing ExecutorService 'applicationTaskExecutor'
2022-05-16_22-38-57 [main] INFO  o.s.b.a.h.H2ConsoleAutoConfiguration - H2 console available at '/db'. Database available at 'jdbc:h2:mem:ipms_db'
2022-05-16_22-38-57 [main] INFO  o.s.b.a.e.web.EndpointLinksResolver - Exposing 2 endpoint(s) beneath base path '/actuator'
2022-05-16_22-38-57 [main] INFO  c.p.p.d.c.PensionerDetailControllerMethodTest - Started PensionerDetailControllerMethodTest in 9.717 seconds (JVM running for 11.009)
2022-05-16_22-38-57 [main] INFO  o.s.b.t.c.SpringBootTestContextBootstrapper - Neither @ContextConfiguration nor @ContextHierarchy found for test class [com.pms.pensioner.detail.controller.PensionerDetailControllerTest], using SpringBootContextLoader
2022-05-16_22-38-57 [main] INFO  o.s.t.c.s.AbstractContextLoader - Could not detect default resource locations for test class [com.pms.pensioner.detail.controller.PensionerDetailControllerTest]: no resource found for suffixes {-context.xml, Context.groovy}.
2022-05-16_22-38-57 [main] INFO  o.s.t.c.s.AnnotationConfigContextLoaderUtils - Could not detect default configuration classes for test class [com.pms.pensioner.detail.controller.PensionerDetailControllerTest]: PensionerDetailControllerTest does not declare any static, non-private, non-final, nested classes annotated with @Configuration.
2022-05-16_22-38-57 [main] INFO  o.s.b.t.c.SpringBootTestContextBootstrapper - Found @SpringBootConfiguration com.pms.pensioner.detail.PensionerDetailMicroserviceApplication for test class com.pms.pensioner.detail.controller.PensionerDetailControllerTest
2022-05-16_22-38-57 [main] INFO  o.s.b.t.c.SpringBootTestContextBootstrapper - Loaded default TestExecutionListener class names from location [META-INF/spring.factories]: [org.springframework.boot.test.mock.mockito.MockitoTestExecutionListener, org.springframework.boot.test.mock.mockito.ResetMocksTestExecutionListener, org.springframework.boot.test.autoconfigure.restdocs.RestDocsTestExecutionListener, org.springframework.boot.test.autoconfigure.web.client.MockRestServiceServerResetTestExecutionListener, org.springframework.boot.test.autoconfigure.web.servlet.MockMvcPrintOnlyOnFailureTestExecutionListener, org.springframework.boot.test.autoconfigure.web.servlet.WebDriverTestExecutionListener, org.springframework.boot.test.autoconfigure.webservices.client.MockWebServiceServerTestExecutionListener, org.springframework.test.context.web.ServletTestExecutionListener, org.springframework.test.context.support.DirtiesContextBeforeModesTestExecutionListener, org.springframework.test.context.event.ApplicationEventsTestExecutionListener, org.springframework.test.context.support.DependencyInjectionTestExecutionListener, org.springframework.test.context.support.DirtiesContextTestExecutionListener, org.springframework.test.context.transaction.TransactionalTestExecutionListener, org.springframework.test.context.jdbc.SqlScriptsTestExecutionListener, org.springframework.test.context.event.EventPublishingTestExecutionListener]
2022-05-16_22-38-57 [main] INFO  o.s.b.t.c.SpringBootTestContextBootstrapper - Using TestExecutionListeners: [org.springframework.test.context.web.ServletTestExecutionListener@b3cbc0e, org.springframework.test.context.support.DirtiesContextBeforeModesTestExecutionListener@66e27ac9, org.springframework.test.context.event.ApplicationEventsTestExecutionListener@453bbb9b, org.springframework.boot.test.mock.mockito.MockitoTestExecutionListener@170b27a7, org.springframework.boot.test.autoconfigure.SpringBootDependencyInjectionTestExecutionListener@79392584, org.springframework.test.context.support.DirtiesContextTestExecutionListener@cf82c58, org.springframework.test.context.transaction.TransactionalTestExecutionListener@1407b93f, org.springframework.test.context.jdbc.SqlScriptsTestExecutionListener@5aff8207, org.springframework.test.context.event.EventPublishingTestExecutionListener@6a5a99d9, org.springframework.boot.test.mock.mockito.ResetMocksTestExecutionListener@278df226, org.springframework.boot.test.autoconfigure.restdocs.RestDocsTestExecutionListener@eea69a9, org.springframework.boot.test.autoconfigure.web.client.MockRestServiceServerResetTestExecutionListener@28a33dc9, org.springframework.boot.test.autoconfigure.web.servlet.MockMvcPrintOnlyOnFailureTestExecutionListener@1609ed55, org.springframework.boot.test.autoconfigure.web.servlet.WebDriverTestExecutionListener@5edd2170, org.springframework.boot.test.autoconfigure.webservices.client.MockWebServiceServerTestExecutionListener@327ac23]
2022-05-16_22-39-08 [main] INFO  c.p.p.d.c.PensionerDetailControllerTest - Starting PensionerDetailControllerTest using Java 15.0.2 on LAPTOP-99L8IUMB with PID 16040 (started by KRITHIGA in G:\Spring and Angular\pms-springboot-microservices\pms-PensionerDetail-Microservice)
2022-05-16_22-39-08 [main] INFO  c.p.p.d.c.PensionerDetailControllerTest - No active profile set, falling back to default profiles: default
2022-05-16_22-39-08 [main] INFO  o.s.d.r.c.RepositoryConfigurationDelegate - Bootstrapping Spring Data JPA repositories in DEFAULT mode.
2022-05-16_22-39-08 [main] INFO  o.s.d.r.c.RepositoryConfigurationDelegate - Finished Spring Data repository scanning in 19 ms. Found 1 JPA repository interfaces.
2022-05-16_22-39-08 [main] INFO  o.s.cloud.context.scope.GenericScope - BeanFactory id=004c6fbd-0783-3b32-8679-7c66cb772c92
2022-05-16_22-39-08 [main] INFO  com.zaxxer.hikari.HikariDataSource - HikariPool-2 - Starting...
2022-05-16_22-39-08 [main] INFO  com.zaxxer.hikari.HikariDataSource - HikariPool-2 - Start completed.
2022-05-16_22-39-08 [main] INFO  o.s.o.j.LocalContainerEntityManagerFactoryBean - Initialized JPA EntityManagerFactory for persistence unit 'default'
2022-05-16_22-39-08 [main] INFO  o.s.s.c.ThreadPoolTaskExecutor - Initializing ExecutorService 'applicationTaskExecutor'
2022-05-16_22-39-08 [main] INFO  o.s.b.a.h.H2ConsoleAutoConfiguration - H2 console available at '/db'. Database available at 'jdbc:h2:mem:ipms_db'
2022-05-16_22-39-08 [main] INFO  o.s.b.t.m.w.SpringBootMockServletContext - Initializing Spring TestDispatcherServlet ''
2022-05-16_22-39-08 [main] INFO  o.s.t.w.s.TestDispatcherServlet - Initializing Servlet ''
2022-05-16_22-39-08 [main] INFO  o.s.b.a.e.web.EndpointLinksResolver - Exposing 2 endpoint(s) beneath base path '/actuator'
2022-05-16_22-39-08 [main] INFO  o.s.t.w.s.TestDispatcherServlet - Completed initialization in 42 ms
2022-05-16_22-39-08 [main] INFO  c.p.p.d.c.PensionerDetailControllerTest - Started PensionerDetailControllerTest in 3.253 seconds (JVM running for 14.655)
2022-05-16_22-39-08 [main] INFO  o.s.b.t.c.SpringBootTestContextBootstrapper - Neither @ContextConfiguration nor @ContextHierarchy found for test class [com.pms.pensioner.detail.exception.PensionerDetailExceptionTest], using SpringBootContextLoader
2022-05-16_22-39-08 [main] INFO  o.s.t.c.s.AbstractContextLoader - Could not detect default resource locations for test class [com.pms.pensioner.detail.exception.PensionerDetailExceptionTest]: no resource found for suffixes {-context.xml, Context.groovy}.
2022-05-16_22-39-08 [main] INFO  o.s.t.c.s.AnnotationConfigContextLoaderUtils - Could not detect default configuration classes for test class [com.pms.pensioner.detail.exception.PensionerDetailExceptionTest]: PensionerDetailExceptionTest does not declare any static, non-private, non-final, nested classes annotated with @Configuration.
2022-05-16_22-39-08 [main] INFO  o.s.b.t.c.SpringBootTestContextBootstrapper - Found @SpringBootConfiguration com.pms.pensioner.detail.PensionerDetailMicroserviceApplication for test class com.pms.pensioner.detail.exception.PensionerDetailExceptionTest
2022-05-16_22-39-08 [main] INFO  o.s.b.t.c.SpringBootTestContextBootstrapper - Loaded default TestExecutionListener class names from location [META-INF/spring.factories]: [org.springframework.boot.test.mock.mockito.MockitoTestExecutionListener, org.springframework.boot.test.mock.mockito.ResetMocksTestExecutionListener, org.springframework.boot.test.autoconfigure.restdocs.RestDocsTestExecutionListener, org.springframework.boot.test.autoconfigure.web.client.MockRestServiceServerResetTestExecutionListener, org.springframework.boot.test.autoconfigure.web.servlet.MockMvcPrintOnlyOnFailureTestExecutionListener, org.springframework.boot.test.autoconfigure.web.servlet.WebDriverTestExecutionListener, org.springframework.boot.test.autoconfigure.webservices.client.MockWebServiceServerTestExecutionListener, org.springframework.test.context.web.ServletTestExecutionListener, org.springframework.test.context.support.DirtiesContextBeforeModesTestExecutionListener, org.springframework.test.context.event.ApplicationEventsTestExecutionListener, org.springframework.test.context.support.DependencyInjectionTestExecutionListener, org.springframework.test.context.support.DirtiesContextTestExecutionListener, org.springframework.test.context.transaction.TransactionalTestExecutionListener, org.springframework.test.context.jdbc.SqlScriptsTestExecutionListener, org.springframework.test.context.event.EventPublishingTestExecutionListener]
2022-05-16_22-39-08 [main] INFO  o.s.b.t.c.SpringBootTestContextBootstrapper - Using TestExecutionListeners: [org.springframework.test.context.web.ServletTestExecutionListener@41f57420, org.springframework.test.context.support.DirtiesContextBeforeModesTestExecutionListener@62e8ef9f, org.springframework.test.context.event.ApplicationEventsTestExecutionListener@58e61e18, org.springframework.boot.test.mock.mockito.MockitoTestExecutionListener@6d9f624, org.springframework.boot.test.autoconfigure.SpringBootDependencyInjectionTestExecutionListener@6ce7d6ab, org.springframework.test.context.support.DirtiesContextTestExecutionListener@49d658bf, org.springframework.test.context.transaction.TransactionalTestExecutionListener@21288943, org.springframework.test.context.jdbc.SqlScriptsTestExecutionListener@68893394, org.springframework.test.context.event.EventPublishingTestExecutionListener@3a89f2a0, org.springframework.boot.test.mock.mockito.ResetMocksTestExecutionListener@41e156ee, org.springframework.boot.test.autoconfigure.restdocs.RestDocsTestExecutionListener@24e6bd00, org.springframework.boot.test.autoconfigure.web.client.MockRestServiceServerResetTestExecutionListener@5522f9b, org.springframework.boot.test.autoconfigure.web.servlet.MockMvcPrintOnlyOnFailureTestExecutionListener@70bbc163, org.springframework.boot.test.autoconfigure.web.servlet.WebDriverTestExecutionListener@3b26afbc, org.springframework.boot.test.autoconfigure.webservices.client.MockWebServiceServerTestExecutionListener@2ab91b65]
2022-05-16_22-39-12 [main] INFO  c.p.p.d.e.PensionerDetailExceptionTest - Starting PensionerDetailExceptionTest using Java 15.0.2 on LAPTOP-99L8IUMB with PID 16040 (started by KRITHIGA in G:\Spring and Angular\pms-springboot-microservices\pms-PensionerDetail-Microservice)
2022-05-16_22-39-12 [main] INFO  c.p.p.d.e.PensionerDetailExceptionTest - No active profile set, falling back to default profiles: default
2022-05-16_22-39-12 [main] INFO  o.s.d.r.c.RepositoryConfigurationDelegate - Bootstrapping Spring Data JPA repositories in DEFAULT mode.
2022-05-16_22-39-12 [main] INFO  o.s.d.r.c.RepositoryConfigurationDelegate - Finished Spring Data repository scanning in 14 ms. Found 1 JPA repository interfaces.
2022-05-16_22-39-12 [main] INFO  o.s.cloud.context.scope.GenericScope - BeanFactory id=7aea8a2c-adfc-36af-8fb2-282be48b910e
2022-05-16_22-39-12 [main] INFO  o.s.c.s.PostProcessorRegistrationDelegate$BeanPostProcessorChecker - Bean 'com.pms.pensioner.detail.feignclient.AuthorisingClient' of type [org.springframework.cloud.openfeign.FeignClientFactoryBean] is not eligible for getting processed by all BeanPostProcessors (for example: not eligible for auto-proxying)
2022-05-16_22-39-12 [main] INFO  com.zaxxer.hikari.HikariDataSource - HikariPool-3 - Starting...
2022-05-16_22-39-12 [main] INFO  com.zaxxer.hikari.HikariDataSource - HikariPool-3 - Start completed.
2022-05-16_22-39-12 [main] INFO  o.s.o.j.LocalContainerEntityManagerFactoryBean - Initialized JPA EntityManagerFactory for persistence unit 'default'
2022-05-16_22-39-12 [main] INFO  o.s.b.a.h.H2ConsoleAutoConfiguration - H2 console available at '/db'. Database available at 'jdbc:h2:mem:ipms_db'
2022-05-16_22-39-12 [main] INFO  o.s.s.c.ThreadPoolTaskExecutor - Initializing ExecutorService 'applicationTaskExecutor'
2022-05-16_22-39-12 [main] INFO  o.s.b.a.e.web.EndpointLinksResolver - Exposing 2 endpoint(s) beneath base path '/actuator'
2022-05-16_22-39-12 [main] INFO  c.p.p.d.e.PensionerDetailExceptionTest - Started PensionerDetailExceptionTest in 2.846 seconds (JVM running for 18.456)
2022-05-16_22-39-12 [main] INFO  o.s.b.t.c.SpringBootTestContextBootstrapper - Neither @ContextConfiguration nor @ContextHierarchy found for test class [com.pms.pensioner.detail.PensionerDetailMicroserviceApplicationTests], using SpringBootContextLoader
2022-05-16_22-39-12 [main] INFO  o.s.t.c.s.AbstractContextLoader - Could not detect default resource locations for test class [com.pms.pensioner.detail.PensionerDetailMicroserviceApplicationTests]: no resource found for suffixes {-context.xml, Context.groovy}.
2022-05-16_22-39-12 [main] INFO  o.s.t.c.s.AnnotationConfigContextLoaderUtils - Could not detect default configuration classes for test class [com.pms.pensioner.detail.PensionerDetailMicroserviceApplicationTests]: PensionerDetailMicroserviceApplicationTests does not declare any static, non-private, non-final, nested classes annotated with @Configuration.
2022-05-16_22-39-12 [main] INFO  o.s.b.t.c.SpringBootTestContextBootstrapper - Found @SpringBootConfiguration com.pms.pensioner.detail.PensionerDetailMicroserviceApplication for test class com.pms.pensioner.detail.PensionerDetailMicroserviceApplicationTests
2022-05-16_22-39-12 [main] INFO  o.s.b.t.c.SpringBootTestContextBootstrapper - Loaded default TestExecutionListener class names from location [META-INF/spring.factories]: [org.springframework.boot.test.mock.mockito.MockitoTestExecutionListener, org.springframework.boot.test.mock.mockito.ResetMocksTestExecutionListener, org.springframework.boot.test.autoconfigure.restdocs.RestDocsTestExecutionListener, org.springframework.boot.test.autoconfigure.web.client.MockRestServiceServerResetTestExecutionListener, org.springframework.boot.test.autoconfigure.web.servlet.MockMvcPrintOnlyOnFailureTestExecutionListener, org.springframework.boot.test.autoconfigure.web.servlet.WebDriverTestExecutionListener, org.springframework.boot.test.autoconfigure.webservices.client.MockWebServiceServerTestExecutionListener, org.springframework.test.context.web.ServletTestExecutionListener, org.springframework.test.context.support.DirtiesContextBeforeModesTestExecutionListener, org.springframework.test.context.event.ApplicationEventsTestExecutionListener, org.springframework.test.context.support.DependencyInjectionTestExecutionListener, org.springframework.test.context.support.DirtiesContextTestExecutionListener, org.springframework.test.context.transaction.TransactionalTestExecutionListener, org.springframework.test.context.jdbc.SqlScriptsTestExecutionListener, org.springframework.test.context.event.EventPublishingTestExecutionListener]
2022-05-16_22-39-12 [main] INFO  o.s.b.t.c.SpringBootTestContextBootstrapper - Using TestExecutionListeners: [org.springframework.test.context.web.ServletTestExecutionListener@37e552ff, org.springframework.test.context.support.DirtiesContextBeforeModesTestExecutionListener@22109f72, org.springframework.test.context.event.ApplicationEventsTestExecutionListener@510cefb6, org.springframework.boot.test.mock.mockito.MockitoTestExecutionListener@4096a622, org.springframework.boot.test.autoconfigure.SpringBootDependencyInjectionTestExecutionListener@5d796665, org.springframework.test.context.support.DirtiesContextTestExecutionListener@7b3489b7, org.springframework.test.context.transaction.TransactionalTestExecutionListener@4df3b838, org.springframework.test.context.jdbc.SqlScriptsTestExecutionListener@3821a012, org.springframework.test.context.event.EventPublishingTestExecutionListener@2efda33d, org.springframework.boot.test.mock.mockito.ResetMocksTestExecutionListener@71dbfe64, org.springframework.boot.test.autoconfigure.restdocs.RestDocsTestExecutionListener@2139aa1f, org.springframework.boot.test.autoconfigure.web.client.MockRestServiceServerResetTestExecutionListener@142dbf1a, org.springframework.boot.test.autoconfigure.web.servlet.MockMvcPrintOnlyOnFailureTestExecutionListener@578a12e9, org.springframework.boot.test.autoconfigure.web.servlet.WebDriverTestExecutionListener@798ceea2, org.springframework.boot.test.autoconfigure.webservices.client.MockWebServiceServerTestExecutionListener@1509dade]
2022-05-16_22-39-15 [main] INFO  c.p.p.d.PensionerDetailMicroserviceApplication - Starting PensionerDetailMicroserviceApplication using Java 15.0.2 on LAPTOP-99L8IUMB with PID 16040 (started by KRITHIGA in G:\Spring and Angular\pms-springboot-microservices\pms-PensionerDetail-Microservice)
2022-05-16_22-39-15 [main] INFO  c.p.p.d.PensionerDetailMicroserviceApplication - No active profile set, falling back to default profiles: default
2022-05-16_22-39-15 [main] INFO  o.s.d.r.c.RepositoryConfigurationDelegate - Bootstrapping Spring Data JPA repositories in DEFAULT mode.
2022-05-16_22-39-15 [main] INFO  o.s.d.r.c.RepositoryConfigurationDelegate - Finished Spring Data repository scanning in 15 ms. Found 1 JPA repository interfaces.
2022-05-16_22-39-15 [main] INFO  o.s.cloud.context.scope.GenericScope - BeanFactory id=b8ae7ea1-6086-3ab2-a77c-4f55e72c93b1
2022-05-16_22-39-15 [main] INFO  o.s.c.s.PostProcessorRegistrationDelegate$BeanPostProcessorChecker - Bean 'com.pms.pensioner.detail.feignclient.AuthorisingClient' of type [org.springframework.cloud.openfeign.FeignClientFactoryBean] is not eligible for getting processed by all BeanPostProcessors (for example: not eligible for auto-proxying)
2022-05-16_22-39-15 [main] INFO  o.s.b.w.e.tomcat.TomcatWebServer - Tomcat initialized with port(s): 8200 (http)
2022-05-16_22-39-15 [main] INFO  o.a.coyote.http11.Http11NioProtocol - Initializing ProtocolHandler ["http-nio-8200"]
2022-05-16_22-39-15 [main] INFO  o.a.catalina.core.StandardService - Starting service [Tomcat]
2022-05-16_22-39-15 [main] INFO  o.a.catalina.core.StandardEngine - Starting Servlet engine: [Apache Tomcat/9.0.41]
2022-05-16_22-39-15 [main] INFO  o.a.c.c.C.[.[localhost].[/pensioner] - Initializing Spring embedded WebApplicationContext
2022-05-16_22-39-15 [main] INFO  o.s.b.w.s.c.ServletWebServerApplicationContext - Root WebApplicationContext: initialization completed in 1053 ms
2022-05-16_22-39-15 [main] INFO  com.zaxxer.hikari.HikariDataSource - HikariPool-4 - Starting...
2022-05-16_22-39-15 [main] INFO  com.zaxxer.hikari.HikariDataSource - HikariPool-4 - Start completed.
2022-05-16_22-39-15 [main] INFO  o.s.b.a.h.H2ConsoleAutoConfiguration - H2 console available at '/db'. Database available at 'jdbc:h2:mem:ipms_db'
2022-05-16_22-39-15 [main] INFO  o.s.o.j.LocalContainerEntityManagerFactoryBean - Initialized JPA EntityManagerFactory for persistence unit 'default'
2022-05-16_22-39-15 [main] INFO  o.s.s.c.ThreadPoolTaskExecutor - Initializing ExecutorService 'applicationTaskExecutor'
2022-05-16_22-39-15 [main] INFO  o.s.b.a.e.web.EndpointLinksResolver - Exposing 2 endpoint(s) beneath base path '/actuator'
2022-05-16_22-39-15 [main] INFO  o.a.coyote.http11.Http11NioProtocol - Starting ProtocolHandler ["http-nio-8200"]
2022-05-16_22-39-15 [main] INFO  o.s.b.w.e.tomcat.TomcatWebServer - Tomcat started on port(s): 8200 (http) with context path '/pensioner'
2022-05-16_22-39-15 [main] INFO  c.p.p.d.PensionerDetailMicroserviceApplication - Started PensionerDetailMicroserviceApplication in 2.313 seconds (JVM running for 20.83)
2022-05-16_22-39-15 [main] INFO  o.s.b.t.c.SpringBootTestContextBootstrapper - Neither @ContextConfiguration nor @ContextHierarchy found for test class [com.pms.pensioner.detail.service.PensionerDetailServiceTest], using SpringBootContextLoader
2022-05-16_22-39-15 [main] INFO  o.s.t.c.s.AbstractContextLoader - Could not detect default resource locations for test class [com.pms.pensioner.detail.service.PensionerDetailServiceTest]: no resource found for suffixes {-context.xml, Context.groovy}.
2022-05-16_22-39-15 [main] INFO  o.s.t.c.s.AnnotationConfigContextLoaderUtils - Could not detect default configuration classes for test class [com.pms.pensioner.detail.service.PensionerDetailServiceTest]: PensionerDetailServiceTest does not declare any static, non-private, non-final, nested classes annotated with @Configuration.
2022-05-16_22-39-15 [main] INFO  o.s.b.t.c.SpringBootTestContextBootstrapper - Found @SpringBootConfiguration com.pms.pensioner.detail.PensionerDetailMicroserviceApplication for test class com.pms.pensioner.detail.service.PensionerDetailServiceTest
2022-05-16_22-39-15 [main] INFO  o.s.b.t.c.SpringBootTestContextBootstrapper - Loaded default TestExecutionListener class names from location [META-INF/spring.factories]: [org.springframework.boot.test.mock.mockito.MockitoTestExecutionListener, org.springframework.boot.test.mock.mockito.ResetMocksTestExecutionListener, org.springframework.boot.test.autoconfigure.restdocs.RestDocsTestExecutionListener, org.springframework.boot.test.autoconfigure.web.client.MockRestServiceServerResetTestExecutionListener, org.springframework.boot.test.autoconfigure.web.servlet.MockMvcPrintOnlyOnFailureTestExecutionListener, org.springframework.boot.test.autoconfigure.web.servlet.WebDriverTestExecutionListener, org.springframework.boot.test.autoconfigure.webservices.client.MockWebServiceServerTestExecutionListener, org.springframework.test.context.web.ServletTestExecutionListener, org.springframework.test.context.support.DirtiesContextBeforeModesTestExecutionListener, org.springframework.test.context.event.ApplicationEventsTestExecutionListener, org.springframework.test.context.support.DependencyInjectionTestExecutionListener, org.springframework.test.context.support.DirtiesContextTestExecutionListener, org.springframework.test.context.transaction.TransactionalTestExecutionListener, org.springframework.test.context.jdbc.SqlScriptsTestExecutionListener, org.springframework.test.context.event.EventPublishingTestExecutionListener]
2022-05-16_22-39-15 [main] INFO  o.s.b.t.c.SpringBootTestContextBootstrapper - Using TestExecutionListeners: [org.springframework.test.context.web.ServletTestExecutionListener@62f11904, org.springframework.test.context.support.DirtiesContextBeforeModesTestExecutionListener@33bd86fe, org.springframework.test.context.event.ApplicationEventsTestExecutionListener@73f94f48, org.springframework.boot.test.mock.mockito.MockitoTestExecutionListener@27dc95b9, org.springframework.boot.test.autoconfigure.SpringBootDependencyInjectionTestExecutionListener@4d8f917f, org.springframework.test.context.support.DirtiesContextTestExecutionListener@125a6446, org.springframework.test.context.transaction.TransactionalTestExecutionListener@2be0ea4a, org.springframework.test.context.jdbc.SqlScriptsTestExecutionListener@6852c3d2, org.springframework.test.context.event.EventPublishingTestExecutionListener@5967b3ce, org.springframework.boot.test.mock.mockito.ResetMocksTestExecutionListener@18de84f0, org.springframework.boot.test.autoconfigure.restdocs.RestDocsTestExecutionListener@34408f1b, org.springframework.boot.test.autoconfigure.web.client.MockRestServiceServerResetTestExecutionListener@4a729612, org.springframework.boot.test.autoconfigure.web.servlet.MockMvcPrintOnlyOnFailureTestExecutionListener@2e6fa551, org.springframework.boot.test.autoconfigure.web.servlet.WebDriverTestExecutionListener@427a4d68, org.springframework.boot.test.autoconfigure.webservices.client.MockWebServiceServerTestExecutionListener@72722a6b]
2022-05-16_22-39-15 [SpringContextShutdownHook] INFO  o.s.s.c.ThreadPoolTaskExecutor - Shutting down ExecutorService 'applicationTaskExecutor'
2022-05-16_22-39-15 [SpringContextShutdownHook] INFO  o.s.s.c.ThreadPoolTaskExecutor - Shutting down ExecutorService 'applicationTaskExecutor'
2022-05-16_22-39-15 [SpringContextShutdownHook] INFO  o.s.s.c.ThreadPoolTaskExecutor - Shutting down ExecutorService 'applicationTaskExecutor'
2022-05-16_22-39-15 [SpringContextShutdownHook] INFO  o.s.o.j.LocalContainerEntityManagerFactoryBean - Closing JPA EntityManagerFactory for persistence unit 'default'
2022-05-16_22-39-15 [SpringContextShutdownHook] INFO  o.s.o.j.LocalContainerEntityManagerFactoryBean - Closing JPA EntityManagerFactory for persistence unit 'default'
2022-05-16_22-39-15 [SpringContextShutdownHook] INFO  o.s.o.j.LocalContainerEntityManagerFactoryBean - Closing JPA EntityManagerFactory for persistence unit 'default'
2022-05-16_22-39-15 [SpringContextShutdownHook] INFO  com.zaxxer.hikari.HikariDataSource - HikariPool-3 - Shutdown initiated...
2022-05-16_22-39-15 [SpringContextShutdownHook] INFO  com.zaxxer.hikari.HikariDataSource - HikariPool-1 - Shutdown initiated...
2022-05-16_22-39-15 [SpringContextShutdownHook] INFO  com.zaxxer.hikari.HikariDataSource - HikariPool-2 - Shutdown initiated...
2022-05-16_22-39-15 [SpringContextShutdownHook] INFO  com.zaxxer.hikari.HikariDataSource - HikariPool-1 - Shutdown completed.
2022-05-16_22-39-15 [SpringContextShutdownHook] INFO  com.zaxxer.hikari.HikariDataSource - HikariPool-2 - Shutdown completed.
2022-05-16_22-39-15 [SpringContextShutdownHook] INFO  com.zaxxer.hikari.HikariDataSource - HikariPool-3 - Shutdown completed.
2022-05-16_22-39-15 [SpringContextShutdownHook] INFO  o.s.s.c.ThreadPoolTaskExecutor - Shutting down ExecutorService 'applicationTaskExecutor'
2022-05-16_22-39-15 [SpringContextShutdownHook] INFO  o.s.o.j.LocalContainerEntityManagerFactoryBean - Closing JPA EntityManagerFactory for persistence unit 'default'
2022-05-16_22-39-15 [SpringContextShutdownHook] INFO  com.zaxxer.hikari.HikariDataSource - HikariPool-4 - Shutdown initiated...
2022-05-16_22-39-15 [SpringContextShutdownHook] INFO  com.zaxxer.hikari.HikariDataSource - HikariPool-4 - Shutdown completed.
2022-05-16_22-54-28 [main] INFO  o.s.b.t.c.SpringBootTestContextBootstrapper - Neither @ContextConfiguration nor @ContextHierarchy found for test class [com.pms.pensioner.detail.controller.PensionerDetailControllerMethodTest], using SpringBootContextLoader
2022-05-16_22-54-28 [main] INFO  o.s.t.c.s.AbstractContextLoader - Could not detect default resource locations for test class [com.pms.pensioner.detail.controller.PensionerDetailControllerMethodTest]: no resource found for suffixes {-context.xml, Context.groovy}.
2022-05-16_22-54-28 [main] INFO  o.s.t.c.s.AnnotationConfigContextLoaderUtils - Could not detect default configuration classes for test class [com.pms.pensioner.detail.controller.PensionerDetailControllerMethodTest]: PensionerDetailControllerMethodTest does not declare any static, non-private, non-final, nested classes annotated with @Configuration.
2022-05-16_22-54-28 [main] INFO  o.s.b.t.c.SpringBootTestContextBootstrapper - Found @SpringBootConfiguration com.pms.pensioner.detail.PensionerDetailMicroserviceApplication for test class com.pms.pensioner.detail.controller.PensionerDetailControllerMethodTest
2022-05-16_22-54-28 [main] INFO  o.s.b.t.c.SpringBootTestContextBootstrapper - Loaded default TestExecutionListener class names from location [META-INF/spring.factories]: [org.springframework.boot.test.mock.mockito.MockitoTestExecutionListener, org.springframework.boot.test.mock.mockito.ResetMocksTestExecutionListener, org.springframework.boot.test.autoconfigure.restdocs.RestDocsTestExecutionListener, org.springframework.boot.test.autoconfigure.web.client.MockRestServiceServerResetTestExecutionListener, org.springframework.boot.test.autoconfigure.web.servlet.MockMvcPrintOnlyOnFailureTestExecutionListener, org.springframework.boot.test.autoconfigure.web.servlet.WebDriverTestExecutionListener, org.springframework.boot.test.autoconfigure.webservices.client.MockWebServiceServerTestExecutionListener, org.springframework.test.context.web.ServletTestExecutionListener, org.springframework.test.context.support.DirtiesContextBeforeModesTestExecutionListener, org.springframework.test.context.event.ApplicationEventsTestExecutionListener, org.springframework.test.context.support.DependencyInjectionTestExecutionListener, org.springframework.test.context.support.DirtiesContextTestExecutionListener, org.springframework.test.context.transaction.TransactionalTestExecutionListener, org.springframework.test.context.jdbc.SqlScriptsTestExecutionListener, org.springframework.test.context.event.EventPublishingTestExecutionListener]
2022-05-16_22-54-28 [main] INFO  o.s.b.t.c.SpringBootTestContextBootstrapper - Using TestExecutionListeners: [org.springframework.test.context.web.ServletTestExecutionListener@3670f00, org.springframework.test.context.support.DirtiesContextBeforeModesTestExecutionListener@452e26d0, org.springframework.test.context.event.ApplicationEventsTestExecutionListener@46ab18da, org.springframework.boot.test.mock.mockito.MockitoTestExecutionListener@790174f2, org.springframework.boot.test.autoconfigure.SpringBootDependencyInjectionTestExecutionListener@42257bdd, org.springframework.test.context.support.DirtiesContextTestExecutionListener@7689ddef, org.springframework.test.context.transaction.TransactionalTestExecutionListener@687a762c, org.springframework.test.context.jdbc.SqlScriptsTestExecutionListener@1a2e2935, org.springframework.test.context.event.EventPublishingTestExecutionListener@733c423e, org.springframework.boot.test.mock.mockito.ResetMocksTestExecutionListener@4b629f13, org.springframework.boot.test.autoconfigure.restdocs.RestDocsTestExecutionListener@70925b45, org.springframework.boot.test.autoconfigure.web.client.MockRestServiceServerResetTestExecutionListener@1b9ea3e3, org.springframework.boot.test.autoconfigure.web.servlet.MockMvcPrintOnlyOnFailureTestExecutionListener@aa22f1c, org.springframework.boot.test.autoconfigure.web.servlet.WebDriverTestExecutionListener@55e7a35c, org.springframework.boot.test.autoconfigure.webservices.client.MockWebServiceServerTestExecutionListener@37cd92d6]
2022-05-16_22-54-29 [main] INFO  c.p.p.d.c.PensionerDetailControllerMethodTest - Starting PensionerDetailControllerMethodTest using Java 15.0.2 on LAPTOP-99L8IUMB with PID 8084 (started by KRITHIGA in G:\Spring and Angular\pms-springboot-microservices\pms-PensionerDetail-Microservice)
2022-05-16_22-54-29 [main] INFO  c.p.p.d.c.PensionerDetailControllerMethodTest - No active profile set, falling back to default profiles: default
2022-05-16_22-54-29 [main] INFO  o.s.d.r.c.RepositoryConfigurationDelegate - Bootstrapping Spring Data JPA repositories in DEFAULT mode.
2022-05-16_22-54-29 [main] INFO  o.s.d.r.c.RepositoryConfigurationDelegate - Finished Spring Data repository scanning in 56 ms. Found 1 JPA repository interfaces.
2022-05-16_22-54-29 [main] INFO  o.s.cloud.context.scope.GenericScope - BeanFactory id=7aea8a2c-adfc-36af-8fb2-282be48b910e
2022-05-16_22-54-29 [main] INFO  com.zaxxer.hikari.HikariDataSource - HikariPool-1 - Starting...
2022-05-16_22-54-29 [main] INFO  com.zaxxer.hikari.HikariDataSource - HikariPool-1 - Start completed.
2022-05-16_22-54-29 [main] INFO  o.s.o.j.LocalContainerEntityManagerFactoryBean - Initialized JPA EntityManagerFactory for persistence unit 'default'
2022-05-16_22-54-29 [main] INFO  o.s.s.c.ThreadPoolTaskExecutor - Initializing ExecutorService 'applicationTaskExecutor'
2022-05-16_22-54-29 [main] INFO  o.s.b.a.h.H2ConsoleAutoConfiguration - H2 console available at '/db'. Database available at 'jdbc:h2:mem:ipms_db'
2022-05-16_22-54-29 [main] INFO  o.s.b.a.e.web.EndpointLinksResolver - Exposing 2 endpoint(s) beneath base path '/actuator'
2022-05-16_22-54-29 [main] INFO  c.p.p.d.c.PensionerDetailControllerMethodTest - Started PensionerDetailControllerMethodTest in 5.969 seconds (JVM running for 7.358)
2022-05-16_22-54-29 [main] INFO  o.s.b.t.c.SpringBootTestContextBootstrapper - Neither @ContextConfiguration nor @ContextHierarchy found for test class [com.pms.pensioner.detail.controller.PensionerDetailControllerTest], using SpringBootContextLoader
2022-05-16_22-54-29 [main] INFO  o.s.t.c.s.AbstractContextLoader - Could not detect default resource locations for test class [com.pms.pensioner.detail.controller.PensionerDetailControllerTest]: no resource found for suffixes {-context.xml, Context.groovy}.
2022-05-16_22-54-29 [main] INFO  o.s.t.c.s.AnnotationConfigContextLoaderUtils - Could not detect default configuration classes for test class [com.pms.pensioner.detail.controller.PensionerDetailControllerTest]: PensionerDetailControllerTest does not declare any static, non-private, non-final, nested classes annotated with @Configuration.
2022-05-16_22-54-29 [main] INFO  o.s.b.t.c.SpringBootTestContextBootstrapper - Found @SpringBootConfiguration com.pms.pensioner.detail.PensionerDetailMicroserviceApplication for test class com.pms.pensioner.detail.controller.PensionerDetailControllerTest
2022-05-16_22-54-29 [main] INFO  o.s.b.t.c.SpringBootTestContextBootstrapper - Loaded default TestExecutionListener class names from location [META-INF/spring.factories]: [org.springframework.boot.test.mock.mockito.MockitoTestExecutionListener, org.springframework.boot.test.mock.mockito.ResetMocksTestExecutionListener, org.springframework.boot.test.autoconfigure.restdocs.RestDocsTestExecutionListener, org.springframework.boot.test.autoconfigure.web.client.MockRestServiceServerResetTestExecutionListener, org.springframework.boot.test.autoconfigure.web.servlet.MockMvcPrintOnlyOnFailureTestExecutionListener, org.springframework.boot.test.autoconfigure.web.servlet.WebDriverTestExecutionListener, org.springframework.boot.test.autoconfigure.webservices.client.MockWebServiceServerTestExecutionListener, org.springframework.test.context.web.ServletTestExecutionListener, org.springframework.test.context.support.DirtiesContextBeforeModesTestExecutionListener, org.springframework.test.context.event.ApplicationEventsTestExecutionListener, org.springframework.test.context.support.DependencyInjectionTestExecutionListener, org.springframework.test.context.support.DirtiesContextTestExecutionListener, org.springframework.test.context.transaction.TransactionalTestExecutionListener, org.springframework.test.context.jdbc.SqlScriptsTestExecutionListener, org.springframework.test.context.event.EventPublishingTestExecutionListener]
2022-05-16_22-54-29 [main] INFO  o.s.b.t.c.SpringBootTestContextBootstrapper - Using TestExecutionListeners: [org.springframework.test.context.web.ServletTestExecutionListener@5c00de0d, org.springframework.test.context.support.DirtiesContextBeforeModesTestExecutionListener@6278371a, org.springframework.test.context.event.ApplicationEventsTestExecutionListener@c6a1be2, org.springframework.boot.test.mock.mockito.MockitoTestExecutionListener@6a486afb, org.springframework.boot.test.autoconfigure.SpringBootDependencyInjectionTestExecutionListener@30623109, org.springframework.test.context.support.DirtiesContextTestExecutionListener@138110f8, org.springframework.test.context.transaction.TransactionalTestExecutionListener@4fe8ac61, org.springframework.test.context.jdbc.SqlScriptsTestExecutionListener@665e18d5, org.springframework.test.context.event.EventPublishingTestExecutionListener@4795876e, org.springframework.boot.test.mock.mockito.ResetMocksTestExecutionListener@5c8859b4, org.springframework.boot.test.autoconfigure.restdocs.RestDocsTestExecutionListener@56897de0, org.springframework.boot.test.autoconfigure.web.client.MockRestServiceServerResetTestExecutionListener@40874f54, org.springframework.boot.test.autoconfigure.web.servlet.MockMvcPrintOnlyOnFailureTestExecutionListener@2bc21edd, org.springframework.boot.test.autoconfigure.web.servlet.WebDriverTestExecutionListener@3599b7e8, org.springframework.boot.test.autoconfigure.webservices.client.MockWebServiceServerTestExecutionListener@2862bac6]
2022-05-16_22-54-34 [main] INFO  c.p.p.d.c.PensionerDetailControllerTest - Starting PensionerDetailControllerTest using Java 15.0.2 on LAPTOP-99L8IUMB with PID 8084 (started by KRITHIGA in G:\Spring and Angular\pms-springboot-microservices\pms-PensionerDetail-Microservice)
2022-05-16_22-54-34 [main] INFO  c.p.p.d.c.PensionerDetailControllerTest - No active profile set, falling back to default profiles: default
2022-05-16_22-54-34 [main] INFO  o.s.d.r.c.RepositoryConfigurationDelegate - Bootstrapping Spring Data JPA repositories in DEFAULT mode.
2022-05-16_22-54-34 [main] INFO  o.s.d.r.c.RepositoryConfigurationDelegate - Finished Spring Data repository scanning in 10 ms. Found 1 JPA repository interfaces.
2022-05-16_22-54-34 [main] INFO  o.s.cloud.context.scope.GenericScope - BeanFactory id=004c6fbd-0783-3b32-8679-7c66cb772c92
2022-05-16_22-54-34 [main] INFO  com.zaxxer.hikari.HikariDataSource - HikariPool-2 - Starting...
2022-05-16_22-54-34 [main] INFO  com.zaxxer.hikari.HikariDataSource - HikariPool-2 - Start completed.
2022-05-16_22-54-34 [main] INFO  o.s.o.j.LocalContainerEntityManagerFactoryBean - Initialized JPA EntityManagerFactory for persistence unit 'default'
2022-05-16_22-54-34 [main] INFO  o.s.s.c.ThreadPoolTaskExecutor - Initializing ExecutorService 'applicationTaskExecutor'
2022-05-16_22-54-34 [main] INFO  o.s.b.a.h.H2ConsoleAutoConfiguration - H2 console available at '/db'. Database available at 'jdbc:h2:mem:ipms_db'
2022-05-16_22-54-34 [main] INFO  o.s.b.t.m.w.SpringBootMockServletContext - Initializing Spring TestDispatcherServlet ''
2022-05-16_22-54-34 [main] INFO  o.s.t.w.s.TestDispatcherServlet - Initializing Servlet ''
2022-05-16_22-54-34 [main] INFO  o.s.b.a.e.web.EndpointLinksResolver - Exposing 2 endpoint(s) beneath base path '/actuator'
2022-05-16_22-54-34 [main] INFO  o.s.t.w.s.TestDispatcherServlet - Completed initialization in 24 ms
2022-05-16_22-54-34 [main] INFO  c.p.p.d.c.PensionerDetailControllerTest - Started PensionerDetailControllerTest in 1.772 seconds (JVM running for 9.343)
2022-05-16_22-54-34 [main] INFO  o.s.b.t.c.SpringBootTestContextBootstrapper - Neither @ContextConfiguration nor @ContextHierarchy found for test class [com.pms.pensioner.detail.exception.PensionerDetailExceptionTest], using SpringBootContextLoader
2022-05-16_22-54-34 [main] INFO  o.s.t.c.s.AbstractContextLoader - Could not detect default resource locations for test class [com.pms.pensioner.detail.exception.PensionerDetailExceptionTest]: no resource found for suffixes {-context.xml, Context.groovy}.
2022-05-16_22-54-34 [main] INFO  o.s.t.c.s.AnnotationConfigContextLoaderUtils - Could not detect default configuration classes for test class [com.pms.pensioner.detail.exception.PensionerDetailExceptionTest]: PensionerDetailExceptionTest does not declare any static, non-private, non-final, nested classes annotated with @Configuration.
2022-05-16_22-54-34 [main] INFO  o.s.b.t.c.SpringBootTestContextBootstrapper - Found @SpringBootConfiguration com.pms.pensioner.detail.PensionerDetailMicroserviceApplication for test class com.pms.pensioner.detail.exception.PensionerDetailExceptionTest
2022-05-16_22-54-34 [main] INFO  o.s.b.t.c.SpringBootTestContextBootstrapper - Loaded default TestExecutionListener class names from location [META-INF/spring.factories]: [org.springframework.boot.test.mock.mockito.MockitoTestExecutionListener, org.springframework.boot.test.mock.mockito.ResetMocksTestExecutionListener, org.springframework.boot.test.autoconfigure.restdocs.RestDocsTestExecutionListener, org.springframework.boot.test.autoconfigure.web.client.MockRestServiceServerResetTestExecutionListener, org.springframework.boot.test.autoconfigure.web.servlet.MockMvcPrintOnlyOnFailureTestExecutionListener, org.springframework.boot.test.autoconfigure.web.servlet.WebDriverTestExecutionListener, org.springframework.boot.test.autoconfigure.webservices.client.MockWebServiceServerTestExecutionListener, org.springframework.test.context.web.ServletTestExecutionListener, org.springframework.test.context.support.DirtiesContextBeforeModesTestExecutionListener, org.springframework.test.context.event.ApplicationEventsTestExecutionListener, org.springframework.test.context.support.DependencyInjectionTestExecutionListener, org.springframework.test.context.support.DirtiesContextTestExecutionListener, org.springframework.test.context.transaction.TransactionalTestExecutionListener, org.springframework.test.context.jdbc.SqlScriptsTestExecutionListener, org.springframework.test.context.event.EventPublishingTestExecutionListener]
2022-05-16_22-54-34 [main] INFO  o.s.b.t.c.SpringBootTestContextBootstrapper - Using TestExecutionListeners: [org.springframework.test.context.web.ServletTestExecutionListener@5522f9b, org.springframework.test.context.support.DirtiesContextBeforeModesTestExecutionListener@70bbc163, org.springframework.test.context.event.ApplicationEventsTestExecutionListener@3b26afbc, org.springframework.boot.test.mock.mockito.MockitoTestExecutionListener@2ab91b65, org.springframework.boot.test.autoconfigure.SpringBootDependencyInjectionTestExecutionListener@3e03d75e, org.springframework.test.context.support.DirtiesContextTestExecutionListener@109db924, org.springframework.test.context.transaction.TransactionalTestExecutionListener@1ec8afc4, org.springframework.test.context.jdbc.SqlScriptsTestExecutionListener@7cc8fd4b, org.springframework.test.context.event.EventPublishingTestExecutionListener@5c516cab, org.springframework.boot.test.mock.mockito.ResetMocksTestExecutionListener@21f8aa9c, org.springframework.boot.test.autoconfigure.restdocs.RestDocsTestExecutionListener@7a1587e8, org.springframework.boot.test.autoconfigure.web.client.MockRestServiceServerResetTestExecutionListener@410c1f44, org.springframework.boot.test.autoconfigure.web.servlet.MockMvcPrintOnlyOnFailureTestExecutionListener@16ef07fa, org.springframework.boot.test.autoconfigure.web.servlet.WebDriverTestExecutionListener@7227e3f1, org.springframework.boot.test.autoconfigure.webservices.client.MockWebServiceServerTestExecutionListener@245b009a]
2022-05-16_22-54-37 [main] INFO  c.p.p.d.e.PensionerDetailExceptionTest - Starting PensionerDetailExceptionTest using Java 15.0.2 on LAPTOP-99L8IUMB with PID 8084 (started by KRITHIGA in G:\Spring and Angular\pms-springboot-microservices\pms-PensionerDetail-Microservice)
2022-05-16_22-54-37 [main] INFO  c.p.p.d.e.PensionerDetailExceptionTest - No active profile set, falling back to default profiles: default
2022-05-16_22-54-37 [main] INFO  o.s.d.r.c.RepositoryConfigurationDelegate - Bootstrapping Spring Data JPA repositories in DEFAULT mode.
2022-05-16_22-54-37 [main] INFO  o.s.d.r.c.RepositoryConfigurationDelegate - Finished Spring Data repository scanning in 10 ms. Found 1 JPA repository interfaces.
2022-05-16_22-54-37 [main] INFO  o.s.cloud.context.scope.GenericScope - BeanFactory id=7aea8a2c-adfc-36af-8fb2-282be48b910e
2022-05-16_22-54-37 [main] INFO  o.s.c.s.PostProcessorRegistrationDelegate$BeanPostProcessorChecker - Bean 'com.pms.pensioner.detail.feignclient.AuthorisingClient' of type [org.springframework.cloud.openfeign.FeignClientFactoryBean] is not eligible for getting processed by all BeanPostProcessors (for example: not eligible for auto-proxying)
2022-05-16_22-54-37 [main] INFO  com.zaxxer.hikari.HikariDataSource - HikariPool-3 - Starting...
2022-05-16_22-54-37 [main] INFO  com.zaxxer.hikari.HikariDataSource - HikariPool-3 - Start completed.
2022-05-16_22-54-37 [main] INFO  o.s.o.j.LocalContainerEntityManagerFactoryBean - Initialized JPA EntityManagerFactory for persistence unit 'default'
2022-05-16_22-54-37 [main] INFO  o.s.b.a.h.H2ConsoleAutoConfiguration - H2 console available at '/db'. Database available at 'jdbc:h2:mem:ipms_db'
2022-05-16_22-54-37 [main] INFO  o.s.s.c.ThreadPoolTaskExecutor - Initializing ExecutorService 'applicationTaskExecutor'
2022-05-16_22-54-37 [main] INFO  o.s.b.a.e.web.EndpointLinksResolver - Exposing 2 endpoint(s) beneath base path '/actuator'
2022-05-16_22-54-37 [main] INFO  c.p.p.d.e.PensionerDetailExceptionTest - Started PensionerDetailExceptionTest in 1.644 seconds (JVM running for 11.541)
2022-05-16_22-54-37 [main] INFO  o.s.b.t.c.SpringBootTestContextBootstrapper - Neither @ContextConfiguration nor @ContextHierarchy found for test class [com.pms.pensioner.detail.PensionerDetailMicroserviceApplicationTests], using SpringBootContextLoader
2022-05-16_22-54-37 [main] INFO  o.s.t.c.s.AbstractContextLoader - Could not detect default resource locations for test class [com.pms.pensioner.detail.PensionerDetailMicroserviceApplicationTests]: no resource found for suffixes {-context.xml, Context.groovy}.
2022-05-16_22-54-37 [main] INFO  o.s.t.c.s.AnnotationConfigContextLoaderUtils - Could not detect default configuration classes for test class [com.pms.pensioner.detail.PensionerDetailMicroserviceApplicationTests]: PensionerDetailMicroserviceApplicationTests does not declare any static, non-private, non-final, nested classes annotated with @Configuration.
2022-05-16_22-54-37 [main] INFO  o.s.b.t.c.SpringBootTestContextBootstrapper - Found @SpringBootConfiguration com.pms.pensioner.detail.PensionerDetailMicroserviceApplication for test class com.pms.pensioner.detail.PensionerDetailMicroserviceApplicationTests
2022-05-16_22-54-37 [main] INFO  o.s.b.t.c.SpringBootTestContextBootstrapper - Loaded default TestExecutionListener class names from location [META-INF/spring.factories]: [org.springframework.boot.test.mock.mockito.MockitoTestExecutionListener, org.springframework.boot.test.mock.mockito.ResetMocksTestExecutionListener, org.springframework.boot.test.autoconfigure.restdocs.RestDocsTestExecutionListener, org.springframework.boot.test.autoconfigure.web.client.MockRestServiceServerResetTestExecutionListener, org.springframework.boot.test.autoconfigure.web.servlet.MockMvcPrintOnlyOnFailureTestExecutionListener, org.springframework.boot.test.autoconfigure.web.servlet.WebDriverTestExecutionListener, org.springframework.boot.test.autoconfigure.webservices.client.MockWebServiceServerTestExecutionListener, org.springframework.test.context.web.ServletTestExecutionListener, org.springframework.test.context.support.DirtiesContextBeforeModesTestExecutionListener, org.springframework.test.context.event.ApplicationEventsTestExecutionListener, org.springframework.test.context.support.DependencyInjectionTestExecutionListener, org.springframework.test.context.support.DirtiesContextTestExecutionListener, org.springframework.test.context.transaction.TransactionalTestExecutionListener, org.springframework.test.context.jdbc.SqlScriptsTestExecutionListener, org.springframework.test.context.event.EventPublishingTestExecutionListener]
2022-05-16_22-54-37 [main] INFO  o.s.b.t.c.SpringBootTestContextBootstrapper - Using TestExecutionListeners: [org.springframework.test.context.web.ServletTestExecutionListener@142dbf1a, org.springframework.test.context.support.DirtiesContextBeforeModesTestExecutionListener@578a12e9, org.springframework.test.context.event.ApplicationEventsTestExecutionListener@798ceea2, org.springframework.boot.test.mock.mockito.MockitoTestExecutionListener@1509dade, org.springframework.boot.test.autoconfigure.SpringBootDependencyInjectionTestExecutionListener@6ca5720a, org.springframework.test.context.support.DirtiesContextTestExecutionListener@6bbf282d, org.springframework.test.context.transaction.TransactionalTestExecutionListener@75583206, org.springframework.test.context.jdbc.SqlScriptsTestExecutionListener@2e5cd959, org.springframework.test.context.event.EventPublishingTestExecutionListener@69aecbba, org.springframework.boot.test.mock.mockito.ResetMocksTestExecutionListener@7b4268e2, org.springframework.boot.test.autoconfigure.restdocs.RestDocsTestExecutionListener@4fbebd8e, org.springframework.boot.test.autoconfigure.web.client.MockRestServiceServerResetTestExecutionListener@7e02331, org.springframework.boot.test.autoconfigure.web.servlet.MockMvcPrintOnlyOnFailureTestExecutionListener@188ccb6c, org.springframework.boot.test.autoconfigure.web.servlet.WebDriverTestExecutionListener@7061a5e7, org.springframework.boot.test.autoconfigure.webservices.client.MockWebServiceServerTestExecutionListener@4a0934a8]
2022-05-16_22-54-38 [main] INFO  c.p.p.d.PensionerDetailMicroserviceApplication - Starting PensionerDetailMicroserviceApplication using Java 15.0.2 on LAPTOP-99L8IUMB with PID 8084 (started by KRITHIGA in G:\Spring and Angular\pms-springboot-microservices\pms-PensionerDetail-Microservice)
2022-05-16_22-54-38 [main] INFO  c.p.p.d.PensionerDetailMicroserviceApplication - No active profile set, falling back to default profiles: default
2022-05-16_22-54-38 [main] INFO  o.s.d.r.c.RepositoryConfigurationDelegate - Bootstrapping Spring Data JPA repositories in DEFAULT mode.
2022-05-16_22-54-38 [main] INFO  o.s.d.r.c.RepositoryConfigurationDelegate - Finished Spring Data repository scanning in 11 ms. Found 1 JPA repository interfaces.
2022-05-16_22-54-38 [main] INFO  o.s.cloud.context.scope.GenericScope - BeanFactory id=b8ae7ea1-6086-3ab2-a77c-4f55e72c93b1
2022-05-16_22-54-38 [main] INFO  o.s.c.s.PostProcessorRegistrationDelegate$BeanPostProcessorChecker - Bean 'com.pms.pensioner.detail.feignclient.AuthorisingClient' of type [org.springframework.cloud.openfeign.FeignClientFactoryBean] is not eligible for getting processed by all BeanPostProcessors (for example: not eligible for auto-proxying)
2022-05-16_22-54-38 [main] INFO  o.s.b.w.e.tomcat.TomcatWebServer - Tomcat initialized with port(s): 8200 (http)
2022-05-16_22-54-38 [main] INFO  o.a.coyote.http11.Http11NioProtocol - Initializing ProtocolHandler ["http-nio-8200"]
2022-05-16_22-54-38 [main] INFO  o.a.catalina.core.StandardService - Starting service [Tomcat]
2022-05-16_22-54-38 [main] INFO  o.a.catalina.core.StandardEngine - Starting Servlet engine: [Apache Tomcat/9.0.41]
2022-05-16_22-54-38 [main] INFO  o.a.c.c.C.[.[localhost].[/pensioner] - Initializing Spring embedded WebApplicationContext
2022-05-16_22-54-38 [main] INFO  o.s.b.w.s.c.ServletWebServerApplicationContext - Root WebApplicationContext: initialization completed in 711 ms
2022-05-16_22-54-38 [main] INFO  com.zaxxer.hikari.HikariDataSource - HikariPool-4 - Starting...
2022-05-16_22-54-38 [main] INFO  com.zaxxer.hikari.HikariDataSource - HikariPool-4 - Start completed.
2022-05-16_22-54-38 [main] INFO  o.s.b.a.h.H2ConsoleAutoConfiguration - H2 console available at '/db'. Database available at 'jdbc:h2:mem:ipms_db'
2022-05-16_22-54-38 [main] INFO  o.s.o.j.LocalContainerEntityManagerFactoryBean - Initialized JPA EntityManagerFactory for persistence unit 'default'
2022-05-16_22-54-38 [main] INFO  o.s.s.c.ThreadPoolTaskExecutor - Initializing ExecutorService 'applicationTaskExecutor'
2022-05-16_22-54-38 [main] INFO  o.s.b.a.e.web.EndpointLinksResolver - Exposing 2 endpoint(s) beneath base path '/actuator'
2022-05-16_22-54-38 [main] INFO  o.a.coyote.http11.Http11NioProtocol - Starting ProtocolHandler ["http-nio-8200"]
2022-05-16_22-54-38 [main] INFO  o.s.b.w.e.tomcat.TomcatWebServer - Tomcat started on port(s): 8200 (http) with context path '/pensioner'
2022-05-16_22-54-38 [main] INFO  c.p.p.d.PensionerDetailMicroserviceApplication - Started PensionerDetailMicroserviceApplication in 1.68 seconds (JVM running for 13.27)
2022-05-16_22-54-38 [main] INFO  o.s.b.t.c.SpringBootTestContextBootstrapper - Neither @ContextConfiguration nor @ContextHierarchy found for test class [com.pms.pensioner.detail.service.PensionerDetailServiceTest], using SpringBootContextLoader
2022-05-16_22-54-38 [main] INFO  o.s.t.c.s.AbstractContextLoader - Could not detect default resource locations for test class [com.pms.pensioner.detail.service.PensionerDetailServiceTest]: no resource found for suffixes {-context.xml, Context.groovy}.
2022-05-16_22-54-38 [main] INFO  o.s.t.c.s.AnnotationConfigContextLoaderUtils - Could not detect default configuration classes for test class [com.pms.pensioner.detail.service.PensionerDetailServiceTest]: PensionerDetailServiceTest does not declare any static, non-private, non-final, nested classes annotated with @Configuration.
2022-05-16_22-54-38 [main] INFO  o.s.b.t.c.SpringBootTestContextBootstrapper - Found @SpringBootConfiguration com.pms.pensioner.detail.PensionerDetailMicroserviceApplication for test class com.pms.pensioner.detail.service.PensionerDetailServiceTest
2022-05-16_22-54-38 [main] INFO  o.s.b.t.c.SpringBootTestContextBootstrapper - Loaded default TestExecutionListener class names from location [META-INF/spring.factories]: [org.springframework.boot.test.mock.mockito.MockitoTestExecutionListener, org.springframework.boot.test.mock.mockito.ResetMocksTestExecutionListener, org.springframework.boot.test.autoconfigure.restdocs.RestDocsTestExecutionListener, org.springframework.boot.test.autoconfigure.web.client.MockRestServiceServerResetTestExecutionListener, org.springframework.boot.test.autoconfigure.web.servlet.MockMvcPrintOnlyOnFailureTestExecutionListener, org.springframework.boot.test.autoconfigure.web.servlet.WebDriverTestExecutionListener, org.springframework.boot.test.autoconfigure.webservices.client.MockWebServiceServerTestExecutionListener, org.springframework.test.context.web.ServletTestExecutionListener, org.springframework.test.context.support.DirtiesContextBeforeModesTestExecutionListener, org.springframework.test.context.event.ApplicationEventsTestExecutionListener, org.springframework.test.context.support.DependencyInjectionTestExecutionListener, org.springframework.test.context.support.DirtiesContextTestExecutionListener, org.springframework.test.context.transaction.TransactionalTestExecutionListener, org.springframework.test.context.jdbc.SqlScriptsTestExecutionListener, org.springframework.test.context.event.EventPublishingTestExecutionListener]
2022-05-16_22-54-38 [main] INFO  o.s.b.t.c.SpringBootTestContextBootstrapper - Using TestExecutionListeners: [org.springframework.test.context.web.ServletTestExecutionListener@4a729612, org.springframework.test.context.support.DirtiesContextBeforeModesTestExecutionListener@2e6fa551, org.springframework.test.context.event.ApplicationEventsTestExecutionListener@427a4d68, org.springframework.boot.test.mock.mockito.MockitoTestExecutionListener@72722a6b, org.springframework.boot.test.autoconfigure.SpringBootDependencyInjectionTestExecutionListener@2c6ee031, org.springframework.test.context.support.DirtiesContextTestExecutionListener@7ff89dc0, org.springframework.test.context.transaction.TransactionalTestExecutionListener@6f798e5a, org.springframework.test.context.jdbc.SqlScriptsTestExecutionListener@cbbc0ac, org.springframework.test.context.event.EventPublishingTestExecutionListener@570fc662, org.springframework.boot.test.mock.mockito.ResetMocksTestExecutionListener@6ca257de, org.springframework.boot.test.autoconfigure.restdocs.RestDocsTestExecutionListener@4f8a0f4e, org.springframework.boot.test.autoconfigure.web.client.MockRestServiceServerResetTestExecutionListener@1de618b3, org.springframework.boot.test.autoconfigure.web.servlet.MockMvcPrintOnlyOnFailureTestExecutionListener@3473e1bb, org.springframework.boot.test.autoconfigure.web.servlet.WebDriverTestExecutionListener@4a115c4c, org.springframework.boot.test.autoconfigure.webservices.client.MockWebServiceServerTestExecutionListener@55feda3f]
2022-05-16_22-54-38 [SpringContextShutdownHook] INFO  o.s.s.c.ThreadPoolTaskExecutor - Shutting down ExecutorService 'applicationTaskExecutor'
2022-05-16_22-54-38 [SpringContextShutdownHook] INFO  o.s.s.c.ThreadPoolTaskExecutor - Shutting down ExecutorService 'applicationTaskExecutor'
2022-05-16_22-54-38 [SpringContextShutdownHook] INFO  o.s.s.c.ThreadPoolTaskExecutor - Shutting down ExecutorService 'applicationTaskExecutor'
2022-05-16_22-54-38 [SpringContextShutdownHook] INFO  o.s.o.j.LocalContainerEntityManagerFactoryBean - Closing JPA EntityManagerFactory for persistence unit 'default'
2022-05-16_22-54-38 [SpringContextShutdownHook] INFO  o.s.o.j.LocalContainerEntityManagerFactoryBean - Closing JPA EntityManagerFactory for persistence unit 'default'
2022-05-16_22-54-38 [SpringContextShutdownHook] INFO  o.s.o.j.LocalContainerEntityManagerFactoryBean - Closing JPA EntityManagerFactory for persistence unit 'default'
2022-05-16_22-54-38 [SpringContextShutdownHook] INFO  com.zaxxer.hikari.HikariDataSource - HikariPool-2 - Shutdown initiated...
2022-05-16_22-54-38 [SpringContextShutdownHook] INFO  com.zaxxer.hikari.HikariDataSource - HikariPool-3 - Shutdown initiated...
2022-05-16_22-54-38 [SpringContextShutdownHook] INFO  com.zaxxer.hikari.HikariDataSource - HikariPool-3 - Shutdown completed.
2022-05-16_22-54-38 [SpringContextShutdownHook] INFO  com.zaxxer.hikari.HikariDataSource - HikariPool-1 - Shutdown initiated...
2022-05-16_22-54-38 [SpringContextShutdownHook] INFO  com.zaxxer.hikari.HikariDataSource - HikariPool-2 - Shutdown completed.
2022-05-16_22-54-38 [SpringContextShutdownHook] INFO  com.zaxxer.hikari.HikariDataSource - HikariPool-1 - Shutdown completed.
2022-05-16_22-54-38 [SpringContextShutdownHook] INFO  o.s.s.c.ThreadPoolTaskExecutor - Shutting down ExecutorService 'applicationTaskExecutor'
2022-05-16_22-54-38 [SpringContextShutdownHook] INFO  o.s.o.j.LocalContainerEntityManagerFactoryBean - Closing JPA EntityManagerFactory for persistence unit 'default'
2022-05-16_22-54-38 [SpringContextShutdownHook] INFO  com.zaxxer.hikari.HikariDataSource - HikariPool-4 - Shutdown initiated...
2022-05-16_22-54-38 [SpringContextShutdownHook] INFO  com.zaxxer.hikari.HikariDataSource - HikariPool-4 - Shutdown completed.
2022-05-16_23-24-33 [restartedMain] INFO  c.p.p.d.PensionerDetailMicroserviceApplication - Starting PensionerDetailMicroserviceApplication using Java 15.0.2 on LAPTOP-99L8IUMB with PID 12184 (G:\Spring and Angular\pms-springboot-microservices\pms-PensionerDetail-Microservice\target\classes started by KRITHIGA in G:\Spring and Angular\pms-springboot-microservices\pms-PensionerDetail-Microservice)
2022-05-16_23-24-33 [restartedMain] INFO  c.p.p.d.PensionerDetailMicroserviceApplication - No active profile set, falling back to default profiles: default
2022-05-16_23-24-33 [restartedMain] INFO  o.s.b.d.e.DevToolsPropertyDefaultsPostProcessor - Devtools property defaults active! Set 'spring.devtools.add-properties' to 'false' to disable
2022-05-16_23-24-33 [restartedMain] INFO  o.s.b.d.e.DevToolsPropertyDefaultsPostProcessor - For additional web related logging consider setting the 'logging.level.web' property to 'DEBUG'
2022-05-16_23-24-33 [restartedMain] INFO  o.s.d.r.c.RepositoryConfigurationDelegate - Bootstrapping Spring Data JPA repositories in DEFAULT mode.
2022-05-16_23-24-33 [restartedMain] INFO  o.s.d.r.c.RepositoryConfigurationDelegate - Finished Spring Data repository scanning in 44 ms. Found 1 JPA repository interfaces.
2022-05-16_23-24-33 [restartedMain] INFO  o.s.cloud.context.scope.GenericScope - BeanFactory id=f1d60193-fdd7-3d9b-95d0-df294fced4f6
2022-05-16_23-24-33 [restartedMain] INFO  o.s.c.s.PostProcessorRegistrationDelegate$BeanPostProcessorChecker - Bean 'com.pms.pensioner.detail.feignclient.AuthorisingClient' of type [org.springframework.cloud.openfeign.FeignClientFactoryBean] is not eligible for getting processed by all BeanPostProcessors (for example: not eligible for auto-proxying)
2022-05-16_23-24-33 [restartedMain] INFO  o.s.b.w.e.tomcat.TomcatWebServer - Tomcat initialized with port(s): 8200 (http)
2022-05-16_23-24-33 [restartedMain] INFO  o.a.coyote.http11.Http11NioProtocol - Initializing ProtocolHandler ["http-nio-8200"]
2022-05-16_23-24-33 [restartedMain] INFO  o.a.catalina.core.StandardService - Starting service [Tomcat]
2022-05-16_23-24-33 [restartedMain] INFO  o.a.catalina.core.StandardEngine - Starting Servlet engine: [Apache Tomcat/9.0.41]
2022-05-16_23-24-33 [restartedMain] INFO  o.a.c.c.C.[.[localhost].[/pensioner] - Initializing Spring embedded WebApplicationContext
2022-05-16_23-24-33 [restartedMain] INFO  o.s.b.w.s.c.ServletWebServerApplicationContext - Root WebApplicationContext: initialization completed in 2140 ms
2022-05-16_23-24-33 [restartedMain] INFO  com.zaxxer.hikari.HikariDataSource - HikariPool-1 - Starting...
2022-05-16_23-24-33 [restartedMain] INFO  com.zaxxer.hikari.HikariDataSource - HikariPool-1 - Start completed.
2022-05-16_23-24-33 [restartedMain] INFO  o.s.b.a.h.H2ConsoleAutoConfiguration - H2 console available at '/db'. Database available at 'jdbc:h2:mem:ipms_db'
2022-05-16_23-24-33 [restartedMain] INFO  o.s.o.j.LocalContainerEntityManagerFactoryBean - Initialized JPA EntityManagerFactory for persistence unit 'default'
2022-05-16_23-24-33 [restartedMain] INFO  o.s.s.c.ThreadPoolTaskExecutor - Initializing ExecutorService 'applicationTaskExecutor'
2022-05-16_23-24-33 [restartedMain] INFO  o.s.b.a.e.web.EndpointLinksResolver - Exposing 2 endpoint(s) beneath base path '/actuator'
2022-05-16_23-24-33 [restartedMain] INFO  o.a.coyote.http11.Http11NioProtocol - Starting ProtocolHandler ["http-nio-8200"]
2022-05-16_23-24-33 [restartedMain] INFO  o.s.b.w.e.tomcat.TomcatWebServer - Tomcat started on port(s): 8200 (http) with context path '/pensioner'
2022-05-16_23-24-33 [restartedMain] INFO  c.p.p.d.PensionerDetailMicroserviceApplication - Started PensionerDetailMicroserviceApplication in 5.602 seconds (JVM running for 6.422)
2022-05-16_23-24-33 [http-nio-8200-exec-1] INFO  o.a.c.c.C.[.[localhost].[/pensioner] - Initializing Spring DispatcherServlet 'dispatcherServlet'
2022-05-16_23-24-33 [http-nio-8200-exec-1] INFO  o.s.web.servlet.DispatcherServlet - Initializing Servlet 'dispatcherServlet'
2022-05-16_23-24-33 [http-nio-8200-exec-1] INFO  o.s.web.servlet.DispatcherServlet - Completed initialization in 3 ms
2022-05-16_23-51-08 [restartedMain] INFO  c.p.p.d.PensionerDetailMicroserviceApplication - Starting PensionerDetailMicroserviceApplication using Java 15.0.2 on LAPTOP-99L8IUMB with PID 8148 (G:\Spring and Angular\pms-springboot-microservices\pms-PensionerDetail-Microservice\target\classes started by KRITHIGA in G:\Spring and Angular\pms-springboot-microservices\pms-PensionerDetail-Microservice)
2022-05-16_23-51-08 [restartedMain] INFO  c.p.p.d.PensionerDetailMicroserviceApplication - No active profile set, falling back to default profiles: default
2022-05-16_23-51-08 [restartedMain] INFO  o.s.b.d.e.DevToolsPropertyDefaultsPostProcessor - Devtools property defaults active! Set 'spring.devtools.add-properties' to 'false' to disable
2022-05-16_23-51-08 [restartedMain] INFO  o.s.b.d.e.DevToolsPropertyDefaultsPostProcessor - For additional web related logging consider setting the 'logging.level.web' property to 'DEBUG'
2022-05-16_23-51-08 [restartedMain] INFO  o.s.d.r.c.RepositoryConfigurationDelegate - Bootstrapping Spring Data JPA repositories in DEFAULT mode.
2022-05-16_23-51-08 [restartedMain] INFO  o.s.d.r.c.RepositoryConfigurationDelegate - Finished Spring Data repository scanning in 44 ms. Found 1 JPA repository interfaces.
2022-05-16_23-51-08 [restartedMain] INFO  o.s.cloud.context.scope.GenericScope - BeanFactory id=f1d60193-fdd7-3d9b-95d0-df294fced4f6
2022-05-16_23-51-08 [restartedMain] INFO  o.s.c.s.PostProcessorRegistrationDelegate$BeanPostProcessorChecker - Bean 'com.pms.pensioner.detail.feignclient.AuthorisingClient' of type [org.springframework.cloud.openfeign.FeignClientFactoryBean] is not eligible for getting processed by all BeanPostProcessors (for example: not eligible for auto-proxying)
2022-05-16_23-51-08 [restartedMain] INFO  o.s.b.w.e.tomcat.TomcatWebServer - Tomcat initialized with port(s): 8200 (http)
2022-05-16_23-51-08 [restartedMain] INFO  o.a.coyote.http11.Http11NioProtocol - Initializing ProtocolHandler ["http-nio-8200"]
2022-05-16_23-51-08 [restartedMain] INFO  o.a.catalina.core.StandardService - Starting service [Tomcat]
2022-05-16_23-51-08 [restartedMain] INFO  o.a.catalina.core.StandardEngine - Starting Servlet engine: [Apache Tomcat/9.0.41]
2022-05-16_23-51-08 [restartedMain] INFO  o.a.c.c.C.[.[localhost].[/pensioner] - Initializing Spring embedded WebApplicationContext
2022-05-16_23-51-08 [restartedMain] INFO  o.s.b.w.s.c.ServletWebServerApplicationContext - Root WebApplicationContext: initialization completed in 2436 ms
2022-05-16_23-51-08 [restartedMain] INFO  com.zaxxer.hikari.HikariDataSource - HikariPool-1 - Starting...
2022-05-16_23-51-08 [restartedMain] INFO  com.zaxxer.hikari.HikariDataSource - HikariPool-1 - Start completed.
2022-05-16_23-51-08 [restartedMain] INFO  o.s.b.a.h.H2ConsoleAutoConfiguration - H2 console available at '/db'. Database available at 'jdbc:h2:mem:ipms_db'
2022-05-16_23-51-08 [restartedMain] INFO  o.s.o.j.LocalContainerEntityManagerFactoryBean - Initialized JPA EntityManagerFactory for persistence unit 'default'
2022-05-16_23-51-08 [restartedMain] INFO  o.s.s.c.ThreadPoolTaskExecutor - Initializing ExecutorService 'applicationTaskExecutor'
2022-05-16_23-51-08 [restartedMain] INFO  o.s.b.a.e.web.EndpointLinksResolver - Exposing 2 endpoint(s) beneath base path '/actuator'
2022-05-16_23-51-08 [restartedMain] INFO  o.a.coyote.http11.Http11NioProtocol - Starting ProtocolHandler ["http-nio-8200"]
2022-05-16_23-51-08 [restartedMain] INFO  o.s.b.w.e.tomcat.TomcatWebServer - Tomcat started on port(s): 8200 (http) with context path '/pensioner'
2022-05-16_23-51-08 [restartedMain] INFO  c.p.p.d.PensionerDetailMicroserviceApplication - Started PensionerDetailMicroserviceApplication in 6.236 seconds (JVM running for 7.05)
2022-05-16_23-51-08 [http-nio-8200-exec-1] INFO  o.a.c.c.C.[.[localhost].[/pensioner] - Initializing Spring DispatcherServlet 'dispatcherServlet'
2022-05-16_23-51-08 [http-nio-8200-exec-1] INFO  o.s.web.servlet.DispatcherServlet - Initializing Servlet 'dispatcherServlet'
2022-05-16_23-51-08 [http-nio-8200-exec-1] INFO  o.s.web.servlet.DispatcherServlet - Completed initialization in 2 ms
