2022-05-23_02-01-57 [main] INFO  o.s.b.t.c.SpringBootTestContextBootstrapper - Neither @ContextConfiguration nor @ContextHierarchy found for test class [com.pms.pensioner.detail.controller.PensionerDetailControllerMethodTest], using SpringBootContextLoader
2022-05-23_02-01-57 [main] INFO  o.s.t.c.s.AbstractContextLoader - Could not detect default resource locations for test class [com.pms.pensioner.detail.controller.PensionerDetailControllerMethodTest]: no resource found for suffixes {-context.xml, Context.groovy}.
2022-05-23_02-01-57 [main] INFO  o.s.t.c.s.AnnotationConfigContextLoaderUtils - Could not detect default configuration classes for test class [com.pms.pensioner.detail.controller.PensionerDetailControllerMethodTest]: PensionerDetailControllerMethodTest does not declare any static, non-private, non-final, nested classes annotated with @Configuration.
2022-05-23_02-01-57 [main] INFO  o.s.b.t.c.SpringBootTestContextBootstrapper - Found @SpringBootConfiguration com.pms.pensioner.detail.PensionerDetailMicroserviceApplication for test class com.pms.pensioner.detail.controller.PensionerDetailControllerMethodTest
2022-05-23_02-01-57 [main] INFO  o.s.b.t.c.SpringBootTestContextBootstrapper - Loaded default TestExecutionListener class names from location [META-INF/spring.factories]: [org.springframework.boot.test.mock.mockito.MockitoTestExecutionListener, org.springframework.boot.test.mock.mockito.ResetMocksTestExecutionListener, org.springframework.boot.test.autoconfigure.restdocs.RestDocsTestExecutionListener, org.springframework.boot.test.autoconfigure.web.client.MockRestServiceServerResetTestExecutionListener, org.springframework.boot.test.autoconfigure.web.servlet.MockMvcPrintOnlyOnFailureTestExecutionListener, org.springframework.boot.test.autoconfigure.web.servlet.WebDriverTestExecutionListener, org.springframework.boot.test.autoconfigure.webservices.client.MockWebServiceServerTestExecutionListener, org.springframework.test.context.web.ServletTestExecutionListener, org.springframework.test.context.support.DirtiesContextBeforeModesTestExecutionListener, org.springframework.test.context.event.ApplicationEventsTestExecutionListener, org.springframework.test.context.support.DependencyInjectionTestExecutionListener, org.springframework.test.context.support.DirtiesContextTestExecutionListener, org.springframework.test.context.transaction.TransactionalTestExecutionListener, org.springframework.test.context.jdbc.SqlScriptsTestExecutionListener, org.springframework.test.context.event.EventPublishingTestExecutionListener]
2022-05-23_02-01-57 [main] INFO  o.s.b.t.c.SpringBootTestContextBootstrapper - Using TestExecutionListeners: [org.springframework.test.context.web.ServletTestExecutionListener@46ab18da, org.springframework.test.context.support.DirtiesContextBeforeModesTestExecutionListener@790174f2, org.springframework.test.context.event.ApplicationEventsTestExecutionListener@42257bdd, org.springframework.boot.test.mock.mockito.MockitoTestExecutionListener@7689ddef, org.springframework.boot.test.autoconfigure.SpringBootDependencyInjectionTestExecutionListener@687a762c, org.springframework.test.context.support.DirtiesContextTestExecutionListener@1a2e2935, org.springframework.test.context.transaction.TransactionalTestExecutionListener@733c423e, org.springframework.test.context.jdbc.SqlScriptsTestExecutionListener@4b629f13, org.springframework.test.context.event.EventPublishingTestExecutionListener@70925b45, org.springframework.boot.test.mock.mockito.ResetMocksTestExecutionListener@1b9ea3e3, org.springframework.boot.test.autoconfigure.restdocs.RestDocsTestExecutionListener@aa22f1c, org.springframework.boot.test.autoconfigure.web.client.MockRestServiceServerResetTestExecutionListener@55e7a35c, org.springframework.boot.test.autoconfigure.web.servlet.MockMvcPrintOnlyOnFailureTestExecutionListener@37cd92d6, org.springframework.boot.test.autoconfigure.web.servlet.WebDriverTestExecutionListener@5922ae77, org.springframework.boot.test.autoconfigure.webservices.client.MockWebServiceServerTestExecutionListener@4263b080]
2022-05-23_02-01-58 [main] INFO  c.p.p.d.c.PensionerDetailControllerMethodTest - Starting PensionerDetailControllerMethodTest using Java 15.0.2 on LAPTOP-99L8IUMB with PID 12520 (started by KRITHIGA in G:\Spring and Angular\pms-springboot-microservices\pms-pensionerdetail-microservice)
2022-05-23_02-01-58 [main] INFO  c.p.p.d.c.PensionerDetailControllerMethodTest - No active profile set, falling back to default profiles: default
2022-05-23_02-01-58 [main] INFO  o.s.d.r.c.RepositoryConfigurationDelegate - Bootstrapping Spring Data JPA repositories in DEFAULT mode.
2022-05-23_02-01-58 [main] INFO  o.s.d.r.c.RepositoryConfigurationDelegate - Finished Spring Data repository scanning in 61 ms. Found 1 JPA repository interfaces.
2022-05-23_02-01-58 [main] INFO  o.s.cloud.context.scope.GenericScope - BeanFactory id=ad2e3e86-f3a1-34e2-b5ec-7dad92e12c0b
2022-05-23_02-01-58 [main] INFO  com.zaxxer.hikari.HikariDataSource - HikariPool-1 - Starting...
2022-05-23_02-01-58 [main] INFO  com.zaxxer.hikari.HikariDataSource - HikariPool-1 - Start completed.
2022-05-23_02-01-58 [main] INFO  o.s.o.j.LocalContainerEntityManagerFactoryBean - Initialized JPA EntityManagerFactory for persistence unit 'default'
2022-05-23_02-01-58 [main] INFO  o.s.s.c.ThreadPoolTaskExecutor - Initializing ExecutorService 'applicationTaskExecutor'
2022-05-23_02-01-58 [main] INFO  o.s.b.a.h.H2ConsoleAutoConfiguration - H2 console available at '/db'. Database available at 'jdbc:h2:mem:ipms_db'
2022-05-23_02-01-58 [main] INFO  o.s.b.a.e.web.EndpointLinksResolver - Exposing 2 endpoint(s) beneath base path '/actuator'
2022-05-23_02-01-58 [main] INFO  c.p.p.d.c.PensionerDetailControllerMethodTest - Started PensionerDetailControllerMethodTest in 7.422 seconds (JVM running for 9.253)
2022-05-23_02-01-58 [main] INFO  o.s.b.t.c.SpringBootTestContextBootstrapper - Neither @ContextConfiguration nor @ContextHierarchy found for test class [com.pms.pensioner.detail.controller.PensionerDetailControllerTest], using SpringBootContextLoader
2022-05-23_02-01-58 [main] INFO  o.s.t.c.s.AbstractContextLoader - Could not detect default resource locations for test class [com.pms.pensioner.detail.controller.PensionerDetailControllerTest]: no resource found for suffixes {-context.xml, Context.groovy}.
2022-05-23_02-01-58 [main] INFO  o.s.t.c.s.AnnotationConfigContextLoaderUtils - Could not detect default configuration classes for test class [com.pms.pensioner.detail.controller.PensionerDetailControllerTest]: PensionerDetailControllerTest does not declare any static, non-private, non-final, nested classes annotated with @Configuration.
2022-05-23_02-01-58 [main] INFO  o.s.b.t.c.SpringBootTestContextBootstrapper - Found @SpringBootConfiguration com.pms.pensioner.detail.PensionerDetailMicroserviceApplication for test class com.pms.pensioner.detail.controller.PensionerDetailControllerTest
2022-05-23_02-01-58 [main] INFO  o.s.b.t.c.SpringBootTestContextBootstrapper - Loaded default TestExecutionListener class names from location [META-INF/spring.factories]: [org.springframework.boot.test.mock.mockito.MockitoTestExecutionListener, org.springframework.boot.test.mock.mockito.ResetMocksTestExecutionListener, org.springframework.boot.test.autoconfigure.restdocs.RestDocsTestExecutionListener, org.springframework.boot.test.autoconfigure.web.client.MockRestServiceServerResetTestExecutionListener, org.springframework.boot.test.autoconfigure.web.servlet.MockMvcPrintOnlyOnFailureTestExecutionListener, org.springframework.boot.test.autoconfigure.web.servlet.WebDriverTestExecutionListener, org.springframework.boot.test.autoconfigure.webservices.client.MockWebServiceServerTestExecutionListener, org.springframework.test.context.web.ServletTestExecutionListener, org.springframework.test.context.support.DirtiesContextBeforeModesTestExecutionListener, org.springframework.test.context.event.ApplicationEventsTestExecutionListener, org.springframework.test.context.support.DependencyInjectionTestExecutionListener, org.springframework.test.context.support.DirtiesContextTestExecutionListener, org.springframework.test.context.transaction.TransactionalTestExecutionListener, org.springframework.test.context.jdbc.SqlScriptsTestExecutionListener, org.springframework.test.context.event.EventPublishingTestExecutionListener]
2022-05-23_02-01-58 [main] INFO  o.s.b.t.c.SpringBootTestContextBootstrapper - Using TestExecutionListeners: [org.springframework.test.context.web.ServletTestExecutionListener@b3cbc0e, org.springframework.test.context.support.DirtiesContextBeforeModesTestExecutionListener@66e27ac9, org.springframework.test.context.event.ApplicationEventsTestExecutionListener@453bbb9b, org.springframework.boot.test.mock.mockito.MockitoTestExecutionListener@170b27a7, org.springframework.boot.test.autoconfigure.SpringBootDependencyInjectionTestExecutionListener@79392584, org.springframework.test.context.support.DirtiesContextTestExecutionListener@cf82c58, org.springframework.test.context.transaction.TransactionalTestExecutionListener@1407b93f, org.springframework.test.context.jdbc.SqlScriptsTestExecutionListener@5aff8207, org.springframework.test.context.event.EventPublishingTestExecutionListener@6a5a99d9, org.springframework.boot.test.mock.mockito.ResetMocksTestExecutionListener@278df226, org.springframework.boot.test.autoconfigure.restdocs.RestDocsTestExecutionListener@eea69a9, org.springframework.boot.test.autoconfigure.web.client.MockRestServiceServerResetTestExecutionListener@28a33dc9, org.springframework.boot.test.autoconfigure.web.servlet.MockMvcPrintOnlyOnFailureTestExecutionListener@1609ed55, org.springframework.boot.test.autoconfigure.web.servlet.WebDriverTestExecutionListener@5edd2170, org.springframework.boot.test.autoconfigure.webservices.client.MockWebServiceServerTestExecutionListener@327ac23]
2022-05-23_02-02-05 [main] INFO  c.p.p.d.c.PensionerDetailControllerTest - Starting PensionerDetailControllerTest using Java 15.0.2 on LAPTOP-99L8IUMB with PID 12520 (started by KRITHIGA in G:\Spring and Angular\pms-springboot-microservices\pms-pensionerdetail-microservice)
2022-05-23_02-02-05 [main] INFO  c.p.p.d.c.PensionerDetailControllerTest - No active profile set, falling back to default profiles: default
2022-05-23_02-02-05 [main] INFO  o.s.d.r.c.RepositoryConfigurationDelegate - Bootstrapping Spring Data JPA repositories in DEFAULT mode.
2022-05-23_02-02-05 [main] INFO  o.s.d.r.c.RepositoryConfigurationDelegate - Finished Spring Data repository scanning in 14 ms. Found 1 JPA repository interfaces.
2022-05-23_02-02-05 [main] INFO  o.s.cloud.context.scope.GenericScope - BeanFactory id=e99a9e32-8d0d-381f-b6c6-81fcc4830c31
2022-05-23_02-02-05 [main] INFO  com.zaxxer.hikari.HikariDataSource - HikariPool-2 - Starting...
2022-05-23_02-02-05 [main] INFO  com.zaxxer.hikari.HikariDataSource - HikariPool-2 - Start completed.
2022-05-23_02-02-05 [main] INFO  o.s.o.j.LocalContainerEntityManagerFactoryBean - Initialized JPA EntityManagerFactory for persistence unit 'default'
2022-05-23_02-02-05 [main] INFO  o.s.s.c.ThreadPoolTaskExecutor - Initializing ExecutorService 'applicationTaskExecutor'
2022-05-23_02-02-05 [main] INFO  o.s.b.a.h.H2ConsoleAutoConfiguration - H2 console available at '/db'. Database available at 'jdbc:h2:mem:ipms_db'
2022-05-23_02-02-05 [main] INFO  o.s.b.t.m.w.SpringBootMockServletContext - Initializing Spring TestDispatcherServlet ''
2022-05-23_02-02-05 [main] INFO  o.s.t.w.s.TestDispatcherServlet - Initializing Servlet ''
2022-05-23_02-02-05 [main] INFO  o.s.b.a.e.web.EndpointLinksResolver - Exposing 2 endpoint(s) beneath base path '/actuator'
2022-05-23_02-02-05 [main] INFO  o.s.t.w.s.TestDispatcherServlet - Completed initialization in 48 ms
2022-05-23_02-02-05 [main] INFO  c.p.p.d.c.PensionerDetailControllerTest - Started PensionerDetailControllerTest in 2.589 seconds (JVM running for 12.25)
2022-05-23_02-02-05 [main] INFO  o.s.b.t.c.SpringBootTestContextBootstrapper - Neither @ContextConfiguration nor @ContextHierarchy found for test class [com.pms.pensioner.detail.exception.PensionerDetailExceptionTest], using SpringBootContextLoader
2022-05-23_02-02-05 [main] INFO  o.s.t.c.s.AbstractContextLoader - Could not detect default resource locations for test class [com.pms.pensioner.detail.exception.PensionerDetailExceptionTest]: no resource found for suffixes {-context.xml, Context.groovy}.
2022-05-23_02-02-05 [main] INFO  o.s.t.c.s.AnnotationConfigContextLoaderUtils - Could not detect default configuration classes for test class [com.pms.pensioner.detail.exception.PensionerDetailExceptionTest]: PensionerDetailExceptionTest does not declare any static, non-private, non-final, nested classes annotated with @Configuration.
2022-05-23_02-02-05 [main] INFO  o.s.b.t.c.SpringBootTestContextBootstrapper - Found @SpringBootConfiguration com.pms.pensioner.detail.PensionerDetailMicroserviceApplication for test class com.pms.pensioner.detail.exception.PensionerDetailExceptionTest
2022-05-23_02-02-05 [main] INFO  o.s.b.t.c.SpringBootTestContextBootstrapper - Loaded default TestExecutionListener class names from location [META-INF/spring.factories]: [org.springframework.boot.test.mock.mockito.MockitoTestExecutionListener, org.springframework.boot.test.mock.mockito.ResetMocksTestExecutionListener, org.springframework.boot.test.autoconfigure.restdocs.RestDocsTestExecutionListener, org.springframework.boot.test.autoconfigure.web.client.MockRestServiceServerResetTestExecutionListener, org.springframework.boot.test.autoconfigure.web.servlet.MockMvcPrintOnlyOnFailureTestExecutionListener, org.springframework.boot.test.autoconfigure.web.servlet.WebDriverTestExecutionListener, org.springframework.boot.test.autoconfigure.webservices.client.MockWebServiceServerTestExecutionListener, org.springframework.test.context.web.ServletTestExecutionListener, org.springframework.test.context.support.DirtiesContextBeforeModesTestExecutionListener, org.springframework.test.context.event.ApplicationEventsTestExecutionListener, org.springframework.test.context.support.DependencyInjectionTestExecutionListener, org.springframework.test.context.support.DirtiesContextTestExecutionListener, org.springframework.test.context.transaction.TransactionalTestExecutionListener, org.springframework.test.context.jdbc.SqlScriptsTestExecutionListener, org.springframework.test.context.event.EventPublishingTestExecutionListener]
2022-05-23_02-02-05 [main] INFO  o.s.b.t.c.SpringBootTestContextBootstrapper - Using TestExecutionListeners: [org.springframework.test.context.web.ServletTestExecutionListener@41f57420, org.springframework.test.context.support.DirtiesContextBeforeModesTestExecutionListener@62e8ef9f, org.springframework.test.context.event.ApplicationEventsTestExecutionListener@58e61e18, org.springframework.boot.test.mock.mockito.MockitoTestExecutionListener@6d9f624, org.springframework.boot.test.autoconfigure.SpringBootDependencyInjectionTestExecutionListener@6ce7d6ab, org.springframework.test.context.support.DirtiesContextTestExecutionListener@49d658bf, org.springframework.test.context.transaction.TransactionalTestExecutionListener@21288943, org.springframework.test.context.jdbc.SqlScriptsTestExecutionListener@68893394, org.springframework.test.context.event.EventPublishingTestExecutionListener@3a89f2a0, org.springframework.boot.test.mock.mockito.ResetMocksTestExecutionListener@41e156ee, org.springframework.boot.test.autoconfigure.restdocs.RestDocsTestExecutionListener@24e6bd00, org.springframework.boot.test.autoconfigure.web.client.MockRestServiceServerResetTestExecutionListener@5522f9b, org.springframework.boot.test.autoconfigure.web.servlet.MockMvcPrintOnlyOnFailureTestExecutionListener@70bbc163, org.springframework.boot.test.autoconfigure.web.servlet.WebDriverTestExecutionListener@3b26afbc, org.springframework.boot.test.autoconfigure.webservices.client.MockWebServiceServerTestExecutionListener@2ab91b65]
2022-05-23_02-02-08 [main] INFO  c.p.p.d.e.PensionerDetailExceptionTest - Starting PensionerDetailExceptionTest using Java 15.0.2 on LAPTOP-99L8IUMB with PID 12520 (started by KRITHIGA in G:\Spring and Angular\pms-springboot-microservices\pms-pensionerdetail-microservice)
2022-05-23_02-02-08 [main] INFO  c.p.p.d.e.PensionerDetailExceptionTest - No active profile set, falling back to default profiles: default
2022-05-23_02-02-08 [main] INFO  o.s.d.r.c.RepositoryConfigurationDelegate - Bootstrapping Spring Data JPA repositories in DEFAULT mode.
2022-05-23_02-02-08 [main] INFO  o.s.d.r.c.RepositoryConfigurationDelegate - Finished Spring Data repository scanning in 10 ms. Found 1 JPA repository interfaces.
2022-05-23_02-02-08 [main] INFO  o.s.cloud.context.scope.GenericScope - BeanFactory id=ad2e3e86-f3a1-34e2-b5ec-7dad92e12c0b
2022-05-23_02-02-08 [main] INFO  o.s.c.s.PostProcessorRegistrationDelegate$BeanPostProcessorChecker - Bean 'com.pms.pensioner.detail.feignclient.AuthorisingClient' of type [org.springframework.cloud.openfeign.FeignClientFactoryBean] is not eligible for getting processed by all BeanPostProcessors (for example: not eligible for auto-proxying)
2022-05-23_02-02-08 [main] INFO  com.zaxxer.hikari.HikariDataSource - HikariPool-3 - Starting...
2022-05-23_02-02-08 [main] INFO  com.zaxxer.hikari.HikariDataSource - HikariPool-3 - Start completed.
2022-05-23_02-02-08 [main] INFO  o.s.o.j.LocalContainerEntityManagerFactoryBean - Initialized JPA EntityManagerFactory for persistence unit 'default'
2022-05-23_02-02-08 [main] INFO  o.s.b.a.h.H2ConsoleAutoConfiguration - H2 console available at '/db'. Database available at 'jdbc:h2:mem:ipms_db'
2022-05-23_02-02-08 [main] INFO  o.s.s.c.ThreadPoolTaskExecutor - Initializing ExecutorService 'applicationTaskExecutor'
2022-05-23_02-02-08 [main] INFO  o.s.b.a.e.web.EndpointLinksResolver - Exposing 2 endpoint(s) beneath base path '/actuator'
2022-05-23_02-02-08 [main] INFO  c.p.p.d.e.PensionerDetailExceptionTest - Started PensionerDetailExceptionTest in 1.665 seconds (JVM running for 14.472)
2022-05-23_02-02-08 [main] INFO  o.s.b.t.c.SpringBootTestContextBootstrapper - Neither @ContextConfiguration nor @ContextHierarchy found for test class [com.pms.pensioner.detail.PensionerDetailMicroserviceApplicationTests], using SpringBootContextLoader
2022-05-23_02-02-08 [main] INFO  o.s.t.c.s.AbstractContextLoader - Could not detect default resource locations for test class [com.pms.pensioner.detail.PensionerDetailMicroserviceApplicationTests]: no resource found for suffixes {-context.xml, Context.groovy}.
2022-05-23_02-02-08 [main] INFO  o.s.t.c.s.AnnotationConfigContextLoaderUtils - Could not detect default configuration classes for test class [com.pms.pensioner.detail.PensionerDetailMicroserviceApplicationTests]: PensionerDetailMicroserviceApplicationTests does not declare any static, non-private, non-final, nested classes annotated with @Configuration.
2022-05-23_02-02-08 [main] INFO  o.s.b.t.c.SpringBootTestContextBootstrapper - Found @SpringBootConfiguration com.pms.pensioner.detail.PensionerDetailMicroserviceApplication for test class com.pms.pensioner.detail.PensionerDetailMicroserviceApplicationTests
2022-05-23_02-02-08 [main] INFO  o.s.b.t.c.SpringBootTestContextBootstrapper - Loaded default TestExecutionListener class names from location [META-INF/spring.factories]: [org.springframework.boot.test.mock.mockito.MockitoTestExecutionListener, org.springframework.boot.test.mock.mockito.ResetMocksTestExecutionListener, org.springframework.boot.test.autoconfigure.restdocs.RestDocsTestExecutionListener, org.springframework.boot.test.autoconfigure.web.client.MockRestServiceServerResetTestExecutionListener, org.springframework.boot.test.autoconfigure.web.servlet.MockMvcPrintOnlyOnFailureTestExecutionListener, org.springframework.boot.test.autoconfigure.web.servlet.WebDriverTestExecutionListener, org.springframework.boot.test.autoconfigure.webservices.client.MockWebServiceServerTestExecutionListener, org.springframework.test.context.web.ServletTestExecutionListener, org.springframework.test.context.support.DirtiesContextBeforeModesTestExecutionListener, org.springframework.test.context.event.ApplicationEventsTestExecutionListener, org.springframework.test.context.support.DependencyInjectionTestExecutionListener, org.springframework.test.context.support.DirtiesContextTestExecutionListener, org.springframework.test.context.transaction.TransactionalTestExecutionListener, org.springframework.test.context.jdbc.SqlScriptsTestExecutionListener, org.springframework.test.context.event.EventPublishingTestExecutionListener]
2022-05-23_02-02-08 [main] INFO  o.s.b.t.c.SpringBootTestContextBootstrapper - Using TestExecutionListeners: [org.springframework.test.context.web.ServletTestExecutionListener@37e552ff, org.springframework.test.context.support.DirtiesContextBeforeModesTestExecutionListener@22109f72, org.springframework.test.context.event.ApplicationEventsTestExecutionListener@510cefb6, org.springframework.boot.test.mock.mockito.MockitoTestExecutionListener@4096a622, org.springframework.boot.test.autoconfigure.SpringBootDependencyInjectionTestExecutionListener@5d796665, org.springframework.test.context.support.DirtiesContextTestExecutionListener@7b3489b7, org.springframework.test.context.transaction.TransactionalTestExecutionListener@4df3b838, org.springframework.test.context.jdbc.SqlScriptsTestExecutionListener@3821a012, org.springframework.test.context.event.EventPublishingTestExecutionListener@2efda33d, org.springframework.boot.test.mock.mockito.ResetMocksTestExecutionListener@71dbfe64, org.springframework.boot.test.autoconfigure.restdocs.RestDocsTestExecutionListener@2139aa1f, org.springframework.boot.test.autoconfigure.web.client.MockRestServiceServerResetTestExecutionListener@142dbf1a, org.springframework.boot.test.autoconfigure.web.servlet.MockMvcPrintOnlyOnFailureTestExecutionListener@578a12e9, org.springframework.boot.test.autoconfigure.web.servlet.WebDriverTestExecutionListener@798ceea2, org.springframework.boot.test.autoconfigure.webservices.client.MockWebServiceServerTestExecutionListener@1509dade]
2022-05-23_02-02-10 [main] INFO  c.p.p.d.PensionerDetailMicroserviceApplication - Starting PensionerDetailMicroserviceApplication using Java 15.0.2 on LAPTOP-99L8IUMB with PID 12520 (started by KRITHIGA in G:\Spring and Angular\pms-springboot-microservices\pms-pensionerdetail-microservice)
2022-05-23_02-02-10 [main] INFO  c.p.p.d.PensionerDetailMicroserviceApplication - No active profile set, falling back to default profiles: default
2022-05-23_02-02-10 [main] INFO  o.s.d.r.c.RepositoryConfigurationDelegate - Bootstrapping Spring Data JPA repositories in DEFAULT mode.
2022-05-23_02-02-10 [main] INFO  o.s.d.r.c.RepositoryConfigurationDelegate - Finished Spring Data repository scanning in 8 ms. Found 1 JPA repository interfaces.
2022-05-23_02-02-10 [main] INFO  o.s.cloud.context.scope.GenericScope - BeanFactory id=6529d97e-ae1b-3472-a13f-88dd153c95e1
2022-05-23_02-02-10 [main] INFO  o.s.c.s.PostProcessorRegistrationDelegate$BeanPostProcessorChecker - Bean 'com.pms.pensioner.detail.feignclient.AuthorisingClient' of type [org.springframework.cloud.openfeign.FeignClientFactoryBean] is not eligible for getting processed by all BeanPostProcessors (for example: not eligible for auto-proxying)
2022-05-23_02-02-10 [main] INFO  o.s.b.w.e.tomcat.TomcatWebServer - Tomcat initialized with port(s): 8200 (http)
2022-05-23_02-02-10 [main] INFO  o.a.coyote.http11.Http11NioProtocol - Initializing ProtocolHandler ["http-nio-8200"]
2022-05-23_02-02-10 [main] INFO  o.a.catalina.core.StandardService - Starting service [Tomcat]
2022-05-23_02-02-10 [main] INFO  o.a.catalina.core.StandardEngine - Starting Servlet engine: [Apache Tomcat/9.0.41]
2022-05-23_02-02-10 [main] INFO  o.a.c.c.C.[.[localhost].[/pensioner] - Initializing Spring embedded WebApplicationContext
2022-05-23_02-02-10 [main] INFO  o.s.b.w.s.c.ServletWebServerApplicationContext - Root WebApplicationContext: initialization completed in 792 ms
2022-05-23_02-02-10 [main] INFO  com.zaxxer.hikari.HikariDataSource - HikariPool-4 - Starting...
2022-05-23_02-02-10 [main] INFO  com.zaxxer.hikari.HikariDataSource - HikariPool-4 - Start completed.
2022-05-23_02-02-10 [main] INFO  o.s.b.a.h.H2ConsoleAutoConfiguration - H2 console available at '/db'. Database available at 'jdbc:h2:mem:ipms_db'
2022-05-23_02-02-10 [main] INFO  o.s.o.j.LocalContainerEntityManagerFactoryBean - Initialized JPA EntityManagerFactory for persistence unit 'default'
2022-05-23_02-02-10 [main] INFO  o.s.s.c.ThreadPoolTaskExecutor - Initializing ExecutorService 'applicationTaskExecutor'
2022-05-23_02-02-10 [main] INFO  o.s.b.a.e.web.EndpointLinksResolver - Exposing 2 endpoint(s) beneath base path '/actuator'
2022-05-23_02-02-10 [main] INFO  o.a.coyote.http11.Http11NioProtocol - Starting ProtocolHandler ["http-nio-8200"]
2022-05-23_02-02-10 [main] INFO  o.s.b.w.e.tomcat.TomcatWebServer - Tomcat started on port(s): 8200 (http) with context path '/pensioner'
2022-05-23_02-02-10 [main] INFO  c.p.p.d.PensionerDetailMicroserviceApplication - Started PensionerDetailMicroserviceApplication in 1.589 seconds (JVM running for 16.137)
2022-05-23_02-02-10 [main] INFO  o.s.b.t.c.SpringBootTestContextBootstrapper - Neither @ContextConfiguration nor @ContextHierarchy found for test class [com.pms.pensioner.detail.service.PensionerDetailServiceTest], using SpringBootContextLoader
2022-05-23_02-02-10 [main] INFO  o.s.t.c.s.AbstractContextLoader - Could not detect default resource locations for test class [com.pms.pensioner.detail.service.PensionerDetailServiceTest]: no resource found for suffixes {-context.xml, Context.groovy}.
2022-05-23_02-02-10 [main] INFO  o.s.t.c.s.AnnotationConfigContextLoaderUtils - Could not detect default configuration classes for test class [com.pms.pensioner.detail.service.PensionerDetailServiceTest]: PensionerDetailServiceTest does not declare any static, non-private, non-final, nested classes annotated with @Configuration.
2022-05-23_02-02-10 [main] INFO  o.s.b.t.c.SpringBootTestContextBootstrapper - Found @SpringBootConfiguration com.pms.pensioner.detail.PensionerDetailMicroserviceApplication for test class com.pms.pensioner.detail.service.PensionerDetailServiceTest
2022-05-23_02-02-10 [main] INFO  o.s.b.t.c.SpringBootTestContextBootstrapper - Loaded default TestExecutionListener class names from location [META-INF/spring.factories]: [org.springframework.boot.test.mock.mockito.MockitoTestExecutionListener, org.springframework.boot.test.mock.mockito.ResetMocksTestExecutionListener, org.springframework.boot.test.autoconfigure.restdocs.RestDocsTestExecutionListener, org.springframework.boot.test.autoconfigure.web.client.MockRestServiceServerResetTestExecutionListener, org.springframework.boot.test.autoconfigure.web.servlet.MockMvcPrintOnlyOnFailureTestExecutionListener, org.springframework.boot.test.autoconfigure.web.servlet.WebDriverTestExecutionListener, org.springframework.boot.test.autoconfigure.webservices.client.MockWebServiceServerTestExecutionListener, org.springframework.test.context.web.ServletTestExecutionListener, org.springframework.test.context.support.DirtiesContextBeforeModesTestExecutionListener, org.springframework.test.context.event.ApplicationEventsTestExecutionListener, org.springframework.test.context.support.DependencyInjectionTestExecutionListener, org.springframework.test.context.support.DirtiesContextTestExecutionListener, org.springframework.test.context.transaction.TransactionalTestExecutionListener, org.springframework.test.context.jdbc.SqlScriptsTestExecutionListener, org.springframework.test.context.event.EventPublishingTestExecutionListener]
2022-05-23_02-02-10 [main] INFO  o.s.b.t.c.SpringBootTestContextBootstrapper - Using TestExecutionListeners: [org.springframework.test.context.web.ServletTestExecutionListener@33bd86fe, org.springframework.test.context.support.DirtiesContextBeforeModesTestExecutionListener@73f94f48, org.springframework.test.context.event.ApplicationEventsTestExecutionListener@27dc95b9, org.springframework.boot.test.mock.mockito.MockitoTestExecutionListener@4d8f917f, org.springframework.boot.test.autoconfigure.SpringBootDependencyInjectionTestExecutionListener@125a6446, org.springframework.test.context.support.DirtiesContextTestExecutionListener@2be0ea4a, org.springframework.test.context.transaction.TransactionalTestExecutionListener@6852c3d2, org.springframework.test.context.jdbc.SqlScriptsTestExecutionListener@5967b3ce, org.springframework.test.context.event.EventPublishingTestExecutionListener@18de84f0, org.springframework.boot.test.mock.mockito.ResetMocksTestExecutionListener@34408f1b, org.springframework.boot.test.autoconfigure.restdocs.RestDocsTestExecutionListener@4a729612, org.springframework.boot.test.autoconfigure.web.client.MockRestServiceServerResetTestExecutionListener@2e6fa551, org.springframework.boot.test.autoconfigure.web.servlet.MockMvcPrintOnlyOnFailureTestExecutionListener@427a4d68, org.springframework.boot.test.autoconfigure.web.servlet.WebDriverTestExecutionListener@72722a6b, org.springframework.boot.test.autoconfigure.webservices.client.MockWebServiceServerTestExecutionListener@2c6ee031]
2022-05-23_02-02-10 [SpringContextShutdownHook] INFO  o.s.s.c.ThreadPoolTaskExecutor - Shutting down ExecutorService 'applicationTaskExecutor'
2022-05-23_02-02-10 [SpringContextShutdownHook] INFO  o.s.s.c.ThreadPoolTaskExecutor - Shutting down ExecutorService 'applicationTaskExecutor'
2022-05-23_02-02-10 [SpringContextShutdownHook] INFO  o.s.s.c.ThreadPoolTaskExecutor - Shutting down ExecutorService 'applicationTaskExecutor'
2022-05-23_02-02-10 [SpringContextShutdownHook] INFO  o.s.o.j.LocalContainerEntityManagerFactoryBean - Closing JPA EntityManagerFactory for persistence unit 'default'
2022-05-23_02-02-10 [SpringContextShutdownHook] INFO  o.s.o.j.LocalContainerEntityManagerFactoryBean - Closing JPA EntityManagerFactory for persistence unit 'default'
2022-05-23_02-02-10 [SpringContextShutdownHook] INFO  o.s.o.j.LocalContainerEntityManagerFactoryBean - Closing JPA EntityManagerFactory for persistence unit 'default'
2022-05-23_02-02-10 [SpringContextShutdownHook] INFO  com.zaxxer.hikari.HikariDataSource - HikariPool-2 - Shutdown initiated...
2022-05-23_02-02-10 [SpringContextShutdownHook] INFO  com.zaxxer.hikari.HikariDataSource - HikariPool-1 - Shutdown initiated...
2022-05-23_02-02-10 [SpringContextShutdownHook] INFO  com.zaxxer.hikari.HikariDataSource - HikariPool-3 - Shutdown initiated...
2022-05-23_02-02-10 [SpringContextShutdownHook] INFO  com.zaxxer.hikari.HikariDataSource - HikariPool-1 - Shutdown completed.
2022-05-23_02-02-10 [SpringContextShutdownHook] INFO  com.zaxxer.hikari.HikariDataSource - HikariPool-3 - Shutdown completed.
2022-05-23_02-02-10 [SpringContextShutdownHook] INFO  com.zaxxer.hikari.HikariDataSource - HikariPool-2 - Shutdown completed.
2022-05-23_02-02-10 [SpringContextShutdownHook] INFO  o.s.s.c.ThreadPoolTaskExecutor - Shutting down ExecutorService 'applicationTaskExecutor'
2022-05-23_02-02-10 [SpringContextShutdownHook] INFO  o.s.o.j.LocalContainerEntityManagerFactoryBean - Closing JPA EntityManagerFactory for persistence unit 'default'
2022-05-23_02-02-10 [SpringContextShutdownHook] INFO  com.zaxxer.hikari.HikariDataSource - HikariPool-4 - Shutdown initiated...
2022-05-23_02-02-10 [SpringContextShutdownHook] INFO  com.zaxxer.hikari.HikariDataSource - HikariPool-4 - Shutdown completed.
2022-05-23_02-57-54 [restartedMain] INFO  c.p.p.d.PensionerDetailMicroserviceApplication - Starting PensionerDetailMicroserviceApplication using Java 15.0.2 on LAPTOP-99L8IUMB with PID 21800 (G:\Spring and Angular\pms-springboot-microservices\pms-pensionerdetail-microservice\target\classes started by KRITHIGA in G:\Spring and Angular\pms-springboot-microservices\pms-pensionerdetail-microservice)
2022-05-23_02-57-54 [restartedMain] INFO  c.p.p.d.PensionerDetailMicroserviceApplication - No active profile set, falling back to default profiles: default
2022-05-23_02-57-54 [restartedMain] INFO  o.s.b.d.e.DevToolsPropertyDefaultsPostProcessor - Devtools property defaults active! Set 'spring.devtools.add-properties' to 'false' to disable
2022-05-23_02-57-54 [restartedMain] INFO  o.s.b.d.e.DevToolsPropertyDefaultsPostProcessor - For additional web related logging consider setting the 'logging.level.web' property to 'DEBUG'
2022-05-23_02-57-54 [restartedMain] INFO  o.s.d.r.c.RepositoryConfigurationDelegate - Bootstrapping Spring Data JPA repositories in DEFAULT mode.
2022-05-23_02-57-54 [restartedMain] INFO  o.s.d.r.c.RepositoryConfigurationDelegate - Finished Spring Data repository scanning in 45 ms. Found 1 JPA repository interfaces.
2022-05-23_02-57-54 [restartedMain] INFO  o.s.cloud.context.scope.GenericScope - BeanFactory id=6536278d-c41e-340c-84d1-c5abbba712fe
2022-05-23_02-57-54 [restartedMain] INFO  o.s.c.s.PostProcessorRegistrationDelegate$BeanPostProcessorChecker - Bean 'com.pms.pensioner.detail.feignclient.AuthorisingClient' of type [org.springframework.cloud.openfeign.FeignClientFactoryBean] is not eligible for getting processed by all BeanPostProcessors (for example: not eligible for auto-proxying)
2022-05-23_02-57-54 [restartedMain] INFO  o.s.b.w.e.tomcat.TomcatWebServer - Tomcat initialized with port(s): 8200 (http)
2022-05-23_02-57-54 [restartedMain] INFO  o.a.coyote.http11.Http11NioProtocol - Initializing ProtocolHandler ["http-nio-8200"]
2022-05-23_02-57-54 [restartedMain] INFO  o.a.catalina.core.StandardService - Starting service [Tomcat]
2022-05-23_02-57-54 [restartedMain] INFO  o.a.catalina.core.StandardEngine - Starting Servlet engine: [Apache Tomcat/9.0.41]
2022-05-23_02-57-54 [restartedMain] INFO  o.a.c.c.C.[.[localhost].[/pensioner] - Initializing Spring embedded WebApplicationContext
2022-05-23_02-57-54 [restartedMain] INFO  o.s.b.w.s.c.ServletWebServerApplicationContext - Root WebApplicationContext: initialization completed in 2716 ms
2022-05-23_02-57-54 [restartedMain] INFO  com.zaxxer.hikari.HikariDataSource - HikariPool-1 - Starting...
2022-05-23_02-57-54 [restartedMain] INFO  com.zaxxer.hikari.HikariDataSource - HikariPool-1 - Start completed.
2022-05-23_02-57-54 [restartedMain] INFO  o.s.b.a.h.H2ConsoleAutoConfiguration - H2 console available at '/db'. Database available at 'jdbc:h2:mem:ipms_db'
2022-05-23_02-57-54 [restartedMain] INFO  o.s.o.j.LocalContainerEntityManagerFactoryBean - Initialized JPA EntityManagerFactory for persistence unit 'default'
2022-05-23_02-57-54 [restartedMain] INFO  o.s.s.c.ThreadPoolTaskExecutor - Initializing ExecutorService 'applicationTaskExecutor'
2022-05-23_02-57-54 [restartedMain] INFO  o.s.b.a.e.web.EndpointLinksResolver - Exposing 2 endpoint(s) beneath base path '/actuator'
2022-05-23_02-57-54 [restartedMain] INFO  o.a.coyote.http11.Http11NioProtocol - Starting ProtocolHandler ["http-nio-8200"]
2022-05-23_02-57-54 [restartedMain] INFO  o.s.b.w.e.tomcat.TomcatWebServer - Tomcat started on port(s): 8200 (http) with context path '/pensioner'
2022-05-23_02-57-54 [restartedMain] INFO  c.p.p.d.PensionerDetailMicroserviceApplication - Started PensionerDetailMicroserviceApplication in 6.613 seconds (JVM running for 7.521)
2022-05-23_02-57-54 [http-nio-8200-exec-1] INFO  o.a.c.c.C.[.[localhost].[/pensioner] - Initializing Spring DispatcherServlet 'dispatcherServlet'
2022-05-23_02-57-54 [http-nio-8200-exec-1] INFO  o.s.web.servlet.DispatcherServlet - Initializing Servlet 'dispatcherServlet'
2022-05-23_02-57-54 [http-nio-8200-exec-1] INFO  o.s.web.servlet.DispatcherServlet - Completed initialization in 3 ms
2022-05-23_10-53-50 [restartedMain] INFO  c.p.p.d.PensionerDetailMicroserviceApplication - Starting PensionerDetailMicroserviceApplication using Java 15.0.2 on LAPTOP-99L8IUMB with PID 6204 (G:\Spring and Angular\pms-springboot-microservices\pms-pensionerdetail-microservice\target\classes started by KRITHIGA in G:\Spring and Angular\pms-springboot-microservices\pms-pensionerdetail-microservice)
2022-05-23_10-53-50 [restartedMain] INFO  c.p.p.d.PensionerDetailMicroserviceApplication - No active profile set, falling back to default profiles: default
2022-05-23_10-53-50 [restartedMain] INFO  o.s.b.d.e.DevToolsPropertyDefaultsPostProcessor - Devtools property defaults active! Set 'spring.devtools.add-properties' to 'false' to disable
2022-05-23_10-53-50 [restartedMain] INFO  o.s.b.d.e.DevToolsPropertyDefaultsPostProcessor - For additional web related logging consider setting the 'logging.level.web' property to 'DEBUG'
2022-05-23_10-53-50 [restartedMain] INFO  o.s.d.r.c.RepositoryConfigurationDelegate - Bootstrapping Spring Data JPA repositories in DEFAULT mode.
2022-05-23_10-53-50 [restartedMain] INFO  o.s.d.r.c.RepositoryConfigurationDelegate - Finished Spring Data repository scanning in 97 ms. Found 1 JPA repository interfaces.
2022-05-23_10-53-50 [restartedMain] INFO  o.s.cloud.context.scope.GenericScope - BeanFactory id=6536278d-c41e-340c-84d1-c5abbba712fe
2022-05-23_10-53-50 [restartedMain] INFO  o.s.c.s.PostProcessorRegistrationDelegate$BeanPostProcessorChecker - Bean 'com.pms.pensioner.detail.feignclient.AuthorisingClient' of type [org.springframework.cloud.openfeign.FeignClientFactoryBean] is not eligible for getting processed by all BeanPostProcessors (for example: not eligible for auto-proxying)
2022-05-23_10-53-50 [restartedMain] INFO  o.s.b.w.e.tomcat.TomcatWebServer - Tomcat initialized with port(s): 8200 (http)
2022-05-23_10-53-50 [restartedMain] INFO  o.a.coyote.http11.Http11NioProtocol - Initializing ProtocolHandler ["http-nio-8200"]
2022-05-23_10-53-50 [restartedMain] INFO  o.a.catalina.core.StandardService - Starting service [Tomcat]
2022-05-23_10-53-50 [restartedMain] INFO  o.a.catalina.core.StandardEngine - Starting Servlet engine: [Apache Tomcat/9.0.41]
2022-05-23_10-53-50 [restartedMain] INFO  o.a.c.c.C.[.[localhost].[/pensioner] - Initializing Spring embedded WebApplicationContext
2022-05-23_10-53-50 [restartedMain] INFO  o.s.b.w.s.c.ServletWebServerApplicationContext - Root WebApplicationContext: initialization completed in 3249 ms
2022-05-23_10-53-50 [restartedMain] INFO  com.zaxxer.hikari.HikariDataSource - HikariPool-1 - Starting...
2022-05-23_10-53-50 [restartedMain] INFO  com.zaxxer.hikari.HikariDataSource - HikariPool-1 - Start completed.
2022-05-23_10-53-50 [restartedMain] INFO  o.s.b.a.h.H2ConsoleAutoConfiguration - H2 console available at '/db'. Database available at 'jdbc:h2:mem:ipms_db'
2022-05-23_10-53-50 [restartedMain] INFO  o.s.o.j.LocalContainerEntityManagerFactoryBean - Initialized JPA EntityManagerFactory for persistence unit 'default'
2022-05-23_10-53-50 [restartedMain] INFO  o.s.s.c.ThreadPoolTaskExecutor - Initializing ExecutorService 'applicationTaskExecutor'
2022-05-23_10-53-50 [restartedMain] INFO  o.s.b.a.e.web.EndpointLinksResolver - Exposing 2 endpoint(s) beneath base path '/actuator'
2022-05-23_10-53-50 [restartedMain] INFO  o.a.coyote.http11.Http11NioProtocol - Starting ProtocolHandler ["http-nio-8200"]
2022-05-23_10-53-50 [restartedMain] INFO  o.s.b.w.e.tomcat.TomcatWebServer - Tomcat started on port(s): 8200 (http) with context path '/pensioner'
2022-05-23_10-53-50 [restartedMain] INFO  c.p.p.d.PensionerDetailMicroserviceApplication - Started PensionerDetailMicroserviceApplication in 7.883 seconds (JVM running for 9.034)
2022-05-23_10-53-50 [http-nio-8200-exec-1] INFO  o.a.c.c.C.[.[localhost].[/pensioner] - Initializing Spring DispatcherServlet 'dispatcherServlet'
2022-05-23_10-53-50 [http-nio-8200-exec-1] INFO  o.s.web.servlet.DispatcherServlet - Initializing Servlet 'dispatcherServlet'
2022-05-23_10-53-50 [http-nio-8200-exec-1] INFO  o.s.web.servlet.DispatcherServlet - Completed initialization in 8 ms
2022-05-23_10-53-50 [Thread-1] INFO  o.s.s.c.ThreadPoolTaskExecutor - Shutting down ExecutorService 'applicationTaskExecutor'
2022-05-23_10-53-50 [Thread-1] INFO  o.s.o.j.LocalContainerEntityManagerFactoryBean - Closing JPA EntityManagerFactory for persistence unit 'default'
2022-05-23_10-53-50 [Thread-1] INFO  com.zaxxer.hikari.HikariDataSource - HikariPool-1 - Shutdown initiated...
2022-05-23_10-53-50 [Thread-1] INFO  com.zaxxer.hikari.HikariDataSource - HikariPool-1 - Shutdown completed.
2022-05-23_11-29-45 [restartedMain] INFO  c.p.p.d.PensionerDetailMicroserviceApplication - Starting PensionerDetailMicroserviceApplication using Java 15.0.2 on LAPTOP-99L8IUMB with PID 6204 (G:\Spring and Angular\pms-springboot-microservices\pms-pensionerdetail-microservice\target\classes started by KRITHIGA in G:\Spring and Angular\pms-springboot-microservices\pms-pensionerdetail-microservice)
2022-05-23_11-29-45 [restartedMain] INFO  c.p.p.d.PensionerDetailMicroserviceApplication - No active profile set, falling back to default profiles: default
2022-05-23_11-29-45 [restartedMain] INFO  o.s.d.r.c.RepositoryConfigurationDelegate - Bootstrapping Spring Data JPA repositories in DEFAULT mode.
2022-05-23_11-29-45 [restartedMain] INFO  o.s.d.r.c.RepositoryConfigurationDelegate - Finished Spring Data repository scanning in 16 ms. Found 1 JPA repository interfaces.
2022-05-23_11-29-45 [restartedMain] INFO  o.s.cloud.context.scope.GenericScope - BeanFactory id=6536278d-c41e-340c-84d1-c5abbba712fe
2022-05-23_11-29-45 [restartedMain] INFO  o.s.c.s.PostProcessorRegistrationDelegate$BeanPostProcessorChecker - Bean 'com.pms.pensioner.detail.feignclient.AuthorisingClient' of type [org.springframework.cloud.openfeign.FeignClientFactoryBean] is not eligible for getting processed by all BeanPostProcessors (for example: not eligible for auto-proxying)
2022-05-23_11-29-45 [restartedMain] INFO  o.s.b.w.e.tomcat.TomcatWebServer - Tomcat initialized with port(s): 8200 (http)
2022-05-23_11-29-45 [restartedMain] INFO  o.a.coyote.http11.Http11NioProtocol - Initializing ProtocolHandler ["http-nio-8200"]
2022-05-23_11-29-45 [restartedMain] INFO  o.a.catalina.core.StandardService - Starting service [Tomcat]
2022-05-23_11-29-45 [restartedMain] INFO  o.a.catalina.core.StandardEngine - Starting Servlet engine: [Apache Tomcat/9.0.41]
2022-05-23_11-29-45 [restartedMain] INFO  o.a.c.c.C.[.[localhost].[/pensioner] - Initializing Spring embedded WebApplicationContext
2022-05-23_11-29-45 [restartedMain] INFO  o.s.b.w.s.c.ServletWebServerApplicationContext - Root WebApplicationContext: initialization completed in 851 ms
2022-05-23_11-29-45 [restartedMain] INFO  com.zaxxer.hikari.HikariDataSource - HikariPool-2 - Starting...
2022-05-23_11-29-45 [restartedMain] INFO  com.zaxxer.hikari.HikariDataSource - HikariPool-2 - Start completed.
2022-05-23_11-29-45 [restartedMain] INFO  o.s.b.a.h.H2ConsoleAutoConfiguration - H2 console available at '/db'. Database available at 'jdbc:h2:mem:ipms_db'
2022-05-23_11-29-45 [restartedMain] INFO  o.s.o.j.LocalContainerEntityManagerFactoryBean - Initialized JPA EntityManagerFactory for persistence unit 'default'
2022-05-23_11-29-45 [restartedMain] INFO  o.s.s.c.ThreadPoolTaskExecutor - Initializing ExecutorService 'applicationTaskExecutor'
2022-05-23_11-29-45 [restartedMain] INFO  o.s.b.a.e.web.EndpointLinksResolver - Exposing 2 endpoint(s) beneath base path '/actuator'
2022-05-23_11-29-45 [restartedMain] INFO  o.a.coyote.http11.Http11NioProtocol - Starting ProtocolHandler ["http-nio-8200"]
2022-05-23_11-29-45 [restartedMain] INFO  o.s.b.w.e.tomcat.TomcatWebServer - Tomcat started on port(s): 8200 (http) with context path '/pensioner'
2022-05-23_11-29-45 [restartedMain] INFO  c.p.p.d.PensionerDetailMicroserviceApplication - Started PensionerDetailMicroserviceApplication in 2.123 seconds (JVM running for 2158.976)
2022-05-23_11-29-45 [restartedMain] INFO  o.s.b.d.a.ConditionEvaluationDeltaLoggingListener - Condition evaluation unchanged
2022-05-23_11-44-02 [restartedMain] INFO  c.p.p.d.PensionerDetailMicroserviceApplication - Starting PensionerDetailMicroserviceApplication using Java 15.0.2 on LAPTOP-99L8IUMB with PID 21016 (G:\Spring and Angular\pms-springboot-microservices\pms-pensionerdetail-microservice\target\classes started by KRITHIGA in G:\Spring and Angular\pms-springboot-microservices\pms-pensionerdetail-microservice)
2022-05-23_11-44-02 [restartedMain] INFO  c.p.p.d.PensionerDetailMicroserviceApplication - No active profile set, falling back to default profiles: default
2022-05-23_11-44-02 [restartedMain] INFO  o.s.b.d.e.DevToolsPropertyDefaultsPostProcessor - Devtools property defaults active! Set 'spring.devtools.add-properties' to 'false' to disable
2022-05-23_11-44-02 [restartedMain] INFO  o.s.b.d.e.DevToolsPropertyDefaultsPostProcessor - For additional web related logging consider setting the 'logging.level.web' property to 'DEBUG'
2022-05-23_11-44-02 [restartedMain] INFO  o.s.d.r.c.RepositoryConfigurationDelegate - Bootstrapping Spring Data JPA repositories in DEFAULT mode.
2022-05-23_11-44-02 [restartedMain] INFO  o.s.d.r.c.RepositoryConfigurationDelegate - Finished Spring Data repository scanning in 62 ms. Found 1 JPA repository interfaces.
2022-05-23_11-44-02 [restartedMain] INFO  o.s.cloud.context.scope.GenericScope - BeanFactory id=6536278d-c41e-340c-84d1-c5abbba712fe
2022-05-23_11-44-02 [restartedMain] INFO  o.s.c.s.PostProcessorRegistrationDelegate$BeanPostProcessorChecker - Bean 'com.pms.pensioner.detail.feignclient.AuthorisingClient' of type [org.springframework.cloud.openfeign.FeignClientFactoryBean] is not eligible for getting processed by all BeanPostProcessors (for example: not eligible for auto-proxying)
2022-05-23_11-44-02 [restartedMain] INFO  o.s.b.w.e.tomcat.TomcatWebServer - Tomcat initialized with port(s): 8200 (http)
2022-05-23_11-44-02 [restartedMain] INFO  o.a.coyote.http11.Http11NioProtocol - Initializing ProtocolHandler ["http-nio-8200"]
2022-05-23_11-44-02 [restartedMain] INFO  o.a.catalina.core.StandardService - Starting service [Tomcat]
2022-05-23_11-44-02 [restartedMain] INFO  o.a.catalina.core.StandardEngine - Starting Servlet engine: [Apache Tomcat/9.0.41]
2022-05-23_11-44-02 [restartedMain] INFO  o.a.c.c.C.[.[localhost].[/pensioner] - Initializing Spring embedded WebApplicationContext
2022-05-23_11-44-02 [restartedMain] INFO  o.s.b.w.s.c.ServletWebServerApplicationContext - Root WebApplicationContext: initialization completed in 3209 ms
2022-05-23_11-44-02 [restartedMain] INFO  com.zaxxer.hikari.HikariDataSource - HikariPool-1 - Starting...
2022-05-23_11-44-02 [restartedMain] INFO  com.zaxxer.hikari.HikariDataSource - HikariPool-1 - Start completed.
2022-05-23_11-44-02 [restartedMain] INFO  o.s.b.a.h.H2ConsoleAutoConfiguration - H2 console available at '/db'. Database available at 'jdbc:h2:mem:ipms_db'
2022-05-23_11-44-02 [restartedMain] INFO  o.s.o.j.LocalContainerEntityManagerFactoryBean - Initialized JPA EntityManagerFactory for persistence unit 'default'
2022-05-23_11-44-02 [restartedMain] INFO  o.s.s.c.ThreadPoolTaskExecutor - Initializing ExecutorService 'applicationTaskExecutor'
2022-05-23_11-44-02 [restartedMain] INFO  o.s.b.a.e.web.EndpointLinksResolver - Exposing 2 endpoint(s) beneath base path '/actuator'
2022-05-23_11-44-02 [restartedMain] INFO  o.a.coyote.http11.Http11NioProtocol - Starting ProtocolHandler ["http-nio-8200"]
2022-05-23_11-44-02 [restartedMain] INFO  o.s.b.w.e.tomcat.TomcatWebServer - Tomcat started on port(s): 8200 (http) with context path '/pensioner'
2022-05-23_11-44-02 [restartedMain] INFO  c.p.p.d.PensionerDetailMicroserviceApplication - Started PensionerDetailMicroserviceApplication in 7.926 seconds (JVM running for 9.071)
2022-05-23_11-44-02 [http-nio-8200-exec-4] INFO  o.a.c.c.C.[.[localhost].[/pensioner] - Initializing Spring DispatcherServlet 'dispatcherServlet'
2022-05-23_11-44-02 [http-nio-8200-exec-4] INFO  o.s.web.servlet.DispatcherServlet - Initializing Servlet 'dispatcherServlet'
2022-05-23_11-44-02 [http-nio-8200-exec-4] INFO  o.s.web.servlet.DispatcherServlet - Completed initialization in 5 ms
2022-05-23_11-44-02 [Thread-1] INFO  o.s.s.c.ThreadPoolTaskExecutor - Shutting down ExecutorService 'applicationTaskExecutor'
2022-05-23_11-44-02 [Thread-1] INFO  o.s.o.j.LocalContainerEntityManagerFactoryBean - Closing JPA EntityManagerFactory for persistence unit 'default'
2022-05-23_11-46-42 [Thread-1] INFO  com.zaxxer.hikari.HikariDataSource - HikariPool-1 - Shutdown initiated...
2022-05-23_11-46-42 [Thread-1] INFO  com.zaxxer.hikari.HikariDataSource - HikariPool-1 - Shutdown completed.
2022-05-23_11-46-43 [restartedMain] INFO  c.p.p.d.PensionerDetailMicroserviceApplication - Starting PensionerDetailMicroserviceApplication using Java 15.0.2 on LAPTOP-99L8IUMB with PID 21016 (G:\Spring and Angular\pms-springboot-microservices\pms-pensionerdetail-microservice\target\classes started by KRITHIGA in G:\Spring and Angular\pms-springboot-microservices\pms-pensionerdetail-microservice)
2022-05-23_11-46-43 [restartedMain] INFO  c.p.p.d.PensionerDetailMicroserviceApplication - No active profile set, falling back to default profiles: default
2022-05-23_11-46-43 [restartedMain] INFO  o.s.d.r.c.RepositoryConfigurationDelegate - Bootstrapping Spring Data JPA repositories in DEFAULT mode.
2022-05-23_11-46-43 [restartedMain] INFO  o.s.d.r.c.RepositoryConfigurationDelegate - Finished Spring Data repository scanning in 9 ms. Found 1 JPA repository interfaces.
2022-05-23_11-46-43 [restartedMain] INFO  o.s.cloud.context.scope.GenericScope - BeanFactory id=6536278d-c41e-340c-84d1-c5abbba712fe
2022-05-23_11-46-43 [restartedMain] INFO  o.s.c.s.PostProcessorRegistrationDelegate$BeanPostProcessorChecker - Bean 'com.pms.pensioner.detail.feignclient.AuthorisingClient' of type [org.springframework.cloud.openfeign.FeignClientFactoryBean] is not eligible for getting processed by all BeanPostProcessors (for example: not eligible for auto-proxying)
2022-05-23_11-46-43 [restartedMain] INFO  o.s.b.w.e.tomcat.TomcatWebServer - Tomcat initialized with port(s): 8200 (http)
2022-05-23_11-46-43 [restartedMain] INFO  o.a.coyote.http11.Http11NioProtocol - Initializing ProtocolHandler ["http-nio-8200"]
2022-05-23_11-46-43 [restartedMain] INFO  o.a.catalina.core.StandardService - Starting service [Tomcat]
2022-05-23_11-46-43 [restartedMain] INFO  o.a.catalina.core.StandardEngine - Starting Servlet engine: [Apache Tomcat/9.0.41]
2022-05-23_11-46-43 [restartedMain] INFO  o.a.c.c.C.[.[localhost].[/pensioner] - Initializing Spring embedded WebApplicationContext
2022-05-23_11-46-43 [restartedMain] INFO  o.s.b.w.s.c.ServletWebServerApplicationContext - Root WebApplicationContext: initialization completed in 668 ms
2022-05-23_11-46-43 [restartedMain] INFO  com.zaxxer.hikari.HikariDataSource - HikariPool-2 - Starting...
2022-05-23_11-46-43 [restartedMain] INFO  com.zaxxer.hikari.HikariDataSource - HikariPool-2 - Start completed.
2022-05-23_11-46-43 [restartedMain] INFO  o.s.b.a.h.H2ConsoleAutoConfiguration - H2 console available at '/db'. Database available at 'jdbc:h2:mem:ipms_db'
2022-05-23_11-46-43 [restartedMain] INFO  o.s.o.j.LocalContainerEntityManagerFactoryBean - Initialized JPA EntityManagerFactory for persistence unit 'default'
2022-05-23_11-46-43 [restartedMain] INFO  o.s.s.c.ThreadPoolTaskExecutor - Initializing ExecutorService 'applicationTaskExecutor'
2022-05-23_11-46-43 [restartedMain] INFO  o.s.b.a.e.web.EndpointLinksResolver - Exposing 2 endpoint(s) beneath base path '/actuator'
2022-05-23_11-46-43 [restartedMain] INFO  o.a.coyote.http11.Http11NioProtocol - Starting ProtocolHandler ["http-nio-8200"]
2022-05-23_11-46-43 [restartedMain] INFO  o.s.b.w.e.tomcat.TomcatWebServer - Tomcat started on port(s): 8200 (http) with context path '/pensioner'
2022-05-23_11-46-43 [restartedMain] INFO  c.p.p.d.PensionerDetailMicroserviceApplication - Started PensionerDetailMicroserviceApplication in 1.691 seconds (JVM running for 163.723)
2022-05-23_11-46-43 [restartedMain] INFO  o.s.b.d.a.ConditionEvaluationDeltaLoggingListener - Condition evaluation unchanged
2022-05-23_11-46-43 [Thread-9] INFO  o.s.s.c.ThreadPoolTaskExecutor - Shutting down ExecutorService 'applicationTaskExecutor'
2022-05-23_11-46-43 [Thread-9] INFO  o.s.o.j.LocalContainerEntityManagerFactoryBean - Closing JPA EntityManagerFactory for persistence unit 'default'
2022-05-23_11-46-43 [Thread-9] INFO  com.zaxxer.hikari.HikariDataSource - HikariPool-2 - Shutdown initiated...
2022-05-23_11-46-43 [Thread-9] INFO  com.zaxxer.hikari.HikariDataSource - HikariPool-2 - Shutdown completed.
2022-05-23_11-46-46 [restartedMain] INFO  c.p.p.d.PensionerDetailMicroserviceApplication - Starting PensionerDetailMicroserviceApplication using Java 15.0.2 on LAPTOP-99L8IUMB with PID 21016 (G:\Spring and Angular\pms-springboot-microservices\pms-pensionerdetail-microservice\target\classes started by KRITHIGA in G:\Spring and Angular\pms-springboot-microservices\pms-pensionerdetail-microservice)
2022-05-23_11-46-46 [restartedMain] INFO  c.p.p.d.PensionerDetailMicroserviceApplication - No active profile set, falling back to default profiles: default
2022-05-23_11-46-46 [restartedMain] INFO  o.s.d.r.c.RepositoryConfigurationDelegate - Bootstrapping Spring Data JPA repositories in DEFAULT mode.
2022-05-23_11-46-46 [restartedMain] INFO  o.s.d.r.c.RepositoryConfigurationDelegate - Finished Spring Data repository scanning in 10 ms. Found 1 JPA repository interfaces.
2022-05-23_11-46-46 [restartedMain] INFO  o.s.cloud.context.scope.GenericScope - BeanFactory id=6536278d-c41e-340c-84d1-c5abbba712fe
2022-05-23_11-46-46 [restartedMain] INFO  o.s.c.s.PostProcessorRegistrationDelegate$BeanPostProcessorChecker - Bean 'com.pms.pensioner.detail.feignclient.AuthorisingClient' of type [org.springframework.cloud.openfeign.FeignClientFactoryBean] is not eligible for getting processed by all BeanPostProcessors (for example: not eligible for auto-proxying)
2022-05-23_11-46-46 [restartedMain] INFO  o.s.b.w.e.tomcat.TomcatWebServer - Tomcat initialized with port(s): 8200 (http)
2022-05-23_11-46-46 [restartedMain] INFO  o.a.coyote.http11.Http11NioProtocol - Initializing ProtocolHandler ["http-nio-8200"]
2022-05-23_11-46-46 [restartedMain] INFO  o.a.catalina.core.StandardService - Starting service [Tomcat]
2022-05-23_11-46-46 [restartedMain] INFO  o.a.catalina.core.StandardEngine - Starting Servlet engine: [Apache Tomcat/9.0.41]
2022-05-23_11-46-46 [restartedMain] INFO  o.a.c.c.C.[.[localhost].[/pensioner] - Initializing Spring embedded WebApplicationContext
2022-05-23_11-46-46 [restartedMain] INFO  o.s.b.w.s.c.ServletWebServerApplicationContext - Root WebApplicationContext: initialization completed in 651 ms
2022-05-23_11-46-46 [restartedMain] INFO  com.zaxxer.hikari.HikariDataSource - HikariPool-3 - Starting...
2022-05-23_11-46-46 [restartedMain] INFO  com.zaxxer.hikari.HikariDataSource - HikariPool-3 - Start completed.
2022-05-23_11-46-46 [restartedMain] INFO  o.s.b.a.h.H2ConsoleAutoConfiguration - H2 console available at '/db'. Database available at 'jdbc:h2:mem:ipms_db'
2022-05-23_11-46-46 [restartedMain] INFO  o.s.o.j.LocalContainerEntityManagerFactoryBean - Initialized JPA EntityManagerFactory for persistence unit 'default'
2022-05-23_11-46-46 [restartedMain] INFO  o.s.s.c.ThreadPoolTaskExecutor - Initializing ExecutorService 'applicationTaskExecutor'
2022-05-23_11-46-46 [restartedMain] INFO  o.s.b.a.e.web.EndpointLinksResolver - Exposing 2 endpoint(s) beneath base path '/actuator'
2022-05-23_11-46-46 [restartedMain] INFO  o.a.coyote.http11.Http11NioProtocol - Starting ProtocolHandler ["http-nio-8200"]
2022-05-23_11-46-46 [restartedMain] INFO  o.s.b.w.e.tomcat.TomcatWebServer - Tomcat started on port(s): 8200 (http) with context path '/pensioner'
2022-05-23_11-46-46 [restartedMain] INFO  c.p.p.d.PensionerDetailMicroserviceApplication - Started PensionerDetailMicroserviceApplication in 1.794 seconds (JVM running for 167.08)
2022-05-23_11-46-46 [restartedMain] INFO  o.s.b.d.a.ConditionEvaluationDeltaLoggingListener - Condition evaluation unchanged
2022-05-23_11-48-27 [restartedMain] INFO  c.p.p.d.PensionerDetailMicroserviceApplication - Starting PensionerDetailMicroserviceApplication using Java 15.0.2 on LAPTOP-99L8IUMB with PID 3196 (G:\Spring and Angular\pms-springboot-microservices\pms-pensionerdetail-microservice\target\classes started by KRITHIGA in G:\Spring and Angular\pms-springboot-microservices\pms-pensionerdetail-microservice)
2022-05-23_11-48-27 [restartedMain] INFO  c.p.p.d.PensionerDetailMicroserviceApplication - No active profile set, falling back to default profiles: default
2022-05-23_11-48-27 [restartedMain] INFO  o.s.b.d.e.DevToolsPropertyDefaultsPostProcessor - Devtools property defaults active! Set 'spring.devtools.add-properties' to 'false' to disable
2022-05-23_11-48-27 [restartedMain] INFO  o.s.b.d.e.DevToolsPropertyDefaultsPostProcessor - For additional web related logging consider setting the 'logging.level.web' property to 'DEBUG'
2022-05-23_11-48-27 [restartedMain] INFO  o.s.d.r.c.RepositoryConfigurationDelegate - Bootstrapping Spring Data JPA repositories in DEFAULT mode.
2022-05-23_11-48-27 [restartedMain] INFO  o.s.d.r.c.RepositoryConfigurationDelegate - Finished Spring Data repository scanning in 69 ms. Found 1 JPA repository interfaces.
2022-05-23_11-48-27 [restartedMain] INFO  o.s.cloud.context.scope.GenericScope - BeanFactory id=2023ca97-c669-335b-b789-9ce4710fce0d
2022-05-23_11-48-27 [restartedMain] INFO  o.s.c.s.PostProcessorRegistrationDelegate$BeanPostProcessorChecker - Bean 'com.pms.pensioner.detail.feignclient.AuthorisingClient' of type [org.springframework.cloud.openfeign.FeignClientFactoryBean] is not eligible for getting processed by all BeanPostProcessors (for example: not eligible for auto-proxying)
2022-05-23_11-48-27 [restartedMain] INFO  o.s.b.w.e.tomcat.TomcatWebServer - Tomcat initialized with port(s): 8200 (http)
2022-05-23_11-48-27 [restartedMain] INFO  o.a.coyote.http11.Http11NioProtocol - Initializing ProtocolHandler ["http-nio-8200"]
2022-05-23_11-48-27 [restartedMain] INFO  o.a.catalina.core.StandardService - Starting service [Tomcat]
2022-05-23_11-48-27 [restartedMain] INFO  o.a.catalina.core.StandardEngine - Starting Servlet engine: [Apache Tomcat/9.0.41]
2022-05-23_11-48-27 [restartedMain] INFO  o.a.c.c.C.[.[localhost].[/pensioner] - Initializing Spring embedded WebApplicationContext
2022-05-23_11-48-27 [restartedMain] INFO  o.s.b.w.s.c.ServletWebServerApplicationContext - Root WebApplicationContext: initialization completed in 3593 ms
2022-05-23_11-48-27 [restartedMain] INFO  com.zaxxer.hikari.HikariDataSource - HikariPool-1 - Starting...
2022-05-23_11-48-27 [restartedMain] INFO  com.zaxxer.hikari.HikariDataSource - HikariPool-1 - Start completed.
2022-05-23_11-48-27 [restartedMain] INFO  o.s.b.a.h.H2ConsoleAutoConfiguration - H2 console available at '/db'. Database available at 'jdbc:h2:mem:ipms_db'
2022-05-23_11-48-27 [restartedMain] INFO  o.s.o.j.LocalContainerEntityManagerFactoryBean - Initialized JPA EntityManagerFactory for persistence unit 'default'
2022-05-23_11-48-27 [restartedMain] INFO  o.s.s.c.ThreadPoolTaskExecutor - Initializing ExecutorService 'applicationTaskExecutor'
2022-05-23_11-48-27 [restartedMain] INFO  o.s.b.a.e.web.EndpointLinksResolver - Exposing 2 endpoint(s) beneath base path '/actuator'
2022-05-23_11-48-27 [restartedMain] INFO  o.a.coyote.http11.Http11NioProtocol - Starting ProtocolHandler ["http-nio-8200"]
2022-05-23_11-48-27 [restartedMain] INFO  o.s.b.w.e.tomcat.TomcatWebServer - Tomcat started on port(s): 8200 (http) with context path '/pensioner'
2022-05-23_11-48-27 [restartedMain] INFO  c.p.p.d.PensionerDetailMicroserviceApplication - Started PensionerDetailMicroserviceApplication in 10.102 seconds (JVM running for 11.778)
2022-05-23_11-48-27 [http-nio-8200-exec-3] INFO  o.a.c.c.C.[.[localhost].[/pensioner] - Initializing Spring DispatcherServlet 'dispatcherServlet'
2022-05-23_11-48-27 [http-nio-8200-exec-3] INFO  o.s.web.servlet.DispatcherServlet - Initializing Servlet 'dispatcherServlet'
2022-05-23_11-48-27 [http-nio-8200-exec-3] INFO  o.s.web.servlet.DispatcherServlet - Completed initialization in 2 ms
2022-05-23_11-48-27 [http-nio-8200-exec-6] INFO  o.s.api.AbstractOpenApiResource - Init duration for springdoc-openapi is: 622 ms
